The target system is: Linux -  - armv7at2hf-neon-angstrom
The host system is: Linux - 4.20.11-100.fc28.x86_64 - x86_64
Compiling the C compiler identification source file "CMakeCCompilerId.c" succeeded.
Compiler: /usr/local/oecore-x86_64/sysroots/x86_64-angstromsdk-linux/usr/bin/arm-angstrom-linux-gnueabi/arm-angstrom-linux-gnueabi-gcc -march=armv7-a;-mthumb;-mfpu=neon;-mfloat-abi=hard;--sysroot=/usr/local/oecore-x86_64/sysroots/armv7at2hf-neon-angstrom-linux-gnueabi
Build flags: ;-O2;-pipe;-g;-feliminate-unused-debug-types;
Id flags:  

The output was:
0


Compilation of the C compiler identification source "CMakeCCompilerId.c" produced "a.out"

The C compiler identification is GNU, found in "/home/diego/dev/projects/A71CH/axHostSw/hostLib/build/CMakeFiles/3.8.2/CompilerIdC/a.out"

Compiling the CXX compiler identification source file "CMakeCXXCompilerId.cpp" succeeded.
Compiler: /usr/local/oecore-x86_64/sysroots/x86_64-angstromsdk-linux/usr/bin/arm-angstrom-linux-gnueabi/arm-angstrom-linux-gnueabi-g++ -march=armv7-a;-mthumb;-mfpu=neon;-mfloat-abi=hard;--sysroot=/usr/local/oecore-x86_64/sysroots/armv7at2hf-neon-angstrom-linux-gnueabi
Build flags: ;-O2;-pipe;-g;-feliminate-unused-debug-types;
Id flags:  

The output was:
0


Compilation of the CXX compiler identification source "CMakeCXXCompilerId.cpp" produced "a.out"

The CXX compiler identification is GNU, found in "/home/diego/dev/projects/A71CH/axHostSw/hostLib/build/CMakeFiles/3.8.2/CompilerIdCXX/a.out"

Determining if the C compiler works passed with the following output:
Change Dir: /home/diego/dev/projects/A71CH/axHostSw/hostLib/build/CMakeFiles/CMakeTmp

Run Build Command:"/usr/bin/gmake" "cmTC_fa69e/fast"
/usr/bin/gmake -f CMakeFiles/cmTC_fa69e.dir/build.make CMakeFiles/cmTC_fa69e.dir/build
gmake[1]: Entering directory '/home/diego/dev/projects/A71CH/axHostSw/hostLib/build/CMakeFiles/CMakeTmp'
Building C object CMakeFiles/cmTC_fa69e.dir/testCCompiler.c.o
/usr/local/oecore-x86_64/sysroots/x86_64-angstromsdk-linux/usr/bin/arm-angstrom-linux-gnueabi/arm-angstrom-linux-gnueabi-gcc   -march=armv7-a -mthumb -mfpu=neon -mfloat-abi=hard --sysroot=/usr/local/oecore-x86_64/sysroots/armv7at2hf-neon-angstrom-linux-gnueabi   -O2 -pipe -g -feliminate-unused-debug-types     -o CMakeFiles/cmTC_fa69e.dir/testCCompiler.c.o   -c /home/diego/dev/projects/A71CH/axHostSw/hostLib/build/CMakeFiles/CMakeTmp/testCCompiler.c
Linking C executable cmTC_fa69e
/usr/local/oecore-x86_64/sysroots/x86_64-angstromsdk-linux/usr/bin/cmake -E cmake_link_script CMakeFiles/cmTC_fa69e.dir/link.txt --verbose=1
/usr/local/oecore-x86_64/sysroots/x86_64-angstromsdk-linux/usr/bin/arm-angstrom-linux-gnueabi/arm-angstrom-linux-gnueabi-gcc   -march=armv7-a -mthumb -mfpu=neon -mfloat-abi=hard --sysroot=/usr/local/oecore-x86_64/sysroots/armv7at2hf-neon-angstrom-linux-gnueabi  -O2 -pipe -g -feliminate-unused-debug-types    -Wl,-O1 -Wl,--hash-style=gnu -Wl,--as-needed  CMakeFiles/cmTC_fa69e.dir/testCCompiler.c.o  -o cmTC_fa69e 
gmake[1]: Leaving directory '/home/diego/dev/projects/A71CH/axHostSw/hostLib/build/CMakeFiles/CMakeTmp'


Detecting C compiler ABI info compiled with the following output:
Change Dir: /home/diego/dev/projects/A71CH/axHostSw/hostLib/build/CMakeFiles/CMakeTmp

Run Build Command:"/usr/bin/gmake" "cmTC_4653c/fast"
/usr/bin/gmake -f CMakeFiles/cmTC_4653c.dir/build.make CMakeFiles/cmTC_4653c.dir/build
gmake[1]: Entering directory '/home/diego/dev/projects/A71CH/axHostSw/hostLib/build/CMakeFiles/CMakeTmp'
Building C object CMakeFiles/cmTC_4653c.dir/CMakeCCompilerABI.c.o
/usr/local/oecore-x86_64/sysroots/x86_64-angstromsdk-linux/usr/bin/arm-angstrom-linux-gnueabi/arm-angstrom-linux-gnueabi-gcc   -march=armv7-a -mthumb -mfpu=neon -mfloat-abi=hard --sysroot=/usr/local/oecore-x86_64/sysroots/armv7at2hf-neon-angstrom-linux-gnueabi   -O2 -pipe -g -feliminate-unused-debug-types     -o CMakeFiles/cmTC_4653c.dir/CMakeCCompilerABI.c.o   -c /usr/local/oecore-x86_64/sysroots/x86_64-angstromsdk-linux/usr/share/cmake-3.8/Modules/CMakeCCompilerABI.c
Linking C executable cmTC_4653c
/usr/local/oecore-x86_64/sysroots/x86_64-angstromsdk-linux/usr/bin/cmake -E cmake_link_script CMakeFiles/cmTC_4653c.dir/link.txt --verbose=1
/usr/local/oecore-x86_64/sysroots/x86_64-angstromsdk-linux/usr/bin/arm-angstrom-linux-gnueabi/arm-angstrom-linux-gnueabi-gcc   -march=armv7-a -mthumb -mfpu=neon -mfloat-abi=hard --sysroot=/usr/local/oecore-x86_64/sysroots/armv7at2hf-neon-angstrom-linux-gnueabi  -O2 -pipe -g -feliminate-unused-debug-types    -Wl,-O1 -Wl,--hash-style=gnu -Wl,--as-needed -v CMakeFiles/cmTC_4653c.dir/CMakeCCompilerABI.c.o  -o cmTC_4653c 
Using built-in specs.
COLLECT_GCC=/usr/local/oecore-x86_64/sysroots/x86_64-angstromsdk-linux/usr/bin/arm-angstrom-linux-gnueabi/arm-angstrom-linux-gnueabi-gcc
COLLECT_LTO_WRAPPER=/usr/local/oecore-x86_64/sysroots/x86_64-angstromsdk-linux/usr/libexec/arm-angstrom-linux-gnueabi/gcc/arm-angstrom-linux-gnueabi/7.3.0/lto-wrapper
Target: arm-angstrom-linux-gnueabi
Configured with: ../../../../../../work-shared/gcc-7.3.0-r0/gcc-7.3.0/configure --build=x86_64-linux --host=x86_64-angstromsdk-linux --target=arm-angstrom-linux-gnueabi --prefix=/usr/local/oecore-x86_64/sysroots/x86_64-angstromsdk-linux/usr --exec_prefix=/usr/local/oecore-x86_64/sysroots/x86_64-angstromsdk-linux/usr --bindir=/usr/local/oecore-x86_64/sysroots/x86_64-angstromsdk-linux/usr/bin/arm-angstrom-linux-gnueabi --sbindir=/usr/local/oecore-x86_64/sysroots/x86_64-angstromsdk-linux/usr/bin/arm-angstrom-linux-gnueabi --libexecdir=/usr/local/oecore-x86_64/sysroots/x86_64-angstromsdk-linux/usr/libexec/arm-angstrom-linux-gnueabi --datadir=/usr/local/oecore-x86_64/sysroots/x86_64-angstromsdk-linux/usr/share --sysconfdir=/usr/local/oecore-x86_64/sysroots/x86_64-angstromsdk-linux/etc --sharedstatedir=/usr/local/oecore-x86_64/sysroots/x86_64-angstromsdk-linux/com --localstatedir=/usr/local/oecore-x86_64/sysroots/x86_64-angstromsdk-linux/var --libdir=/usr/local/oecore-x86_64/sysroots/x86_64-angstromsdk-linux/usr/lib/arm-angstrom-linux-gnueabi --includedir=/usr/local/oecore-x86_64/sysroots/x86_64-angstromsdk-linux/usr/include --oldincludedir=/usr/local/oecore-x86_64/sysroots/x86_64-angstromsdk-linux/usr/include --infodir=/usr/local/oecore-x86_64/sysroots/x86_64-angstromsdk-linux/usr/share/info --mandir=/usr/local/oecore-x86_64/sysroots/x86_64-angstromsdk-linux/usr/share/man --disable-silent-rules --disable-dependency-tracking --with-libtool-sysroot=/home/diego/dev/repos/oe-core/build/tmp-glibc/work/x86_64-nativesdk-angstromsdk-linux/gcc-cross-canadian-arm/7.3.0-r0/recipe-sysroot --with-gnu-ld --enable-shared --enable-languages=c,c++ --enable-threads=posix --enable-multilib --enable-c99 --enable-long-long --enable-symvers=gnu --enable-libstdcxx-pch --program-prefix=arm-angstrom-linux-gnueabi- --without-local-prefix --enable-lto --enable-libssp --enable-libitm --disable-bootstrap --disable-libmudflap --with-system-zlib --with-linker-hash-style=gnu --enable-linker-build-id --with-ppl=no --with-cloog=no --enable-checking=release --enable-cheaders=c_global --without-isl --with-gxx-include-dir=/not/exist/usr/include/c++/7.3.0 --with-build-time-tools=/home/diego/dev/repos/oe-core/build/tmp-glibc/work/x86_64-nativesdk-angstromsdk-linux/gcc-cross-canadian-arm/7.3.0-r0/recipe-sysroot-native/usr/arm-angstrom-linux-gnueabi/bin --with-sysroot=/not/exist --with-build-sysroot=/home/diego/dev/repos/oe-core/build/tmp-glibc/work/x86_64-nativesdk-angstromsdk-linux/gcc-cross-canadian-arm/7.3.0-r0/recipe-sysroot --without-long-double-128 --enable-poison-system-directories --with-mpfr=/home/diego/dev/repos/oe-core/build/tmp-glibc/work/x86_64-nativesdk-angstromsdk-linux/gcc-cross-canadian-arm/7.3.0-r0/recipe-sysroot --with-mpc=/home/diego/dev/repos/oe-core/build/tmp-glibc/work/x86_64-nativesdk-angstromsdk-linux/gcc-cross-canadian-arm/7.3.0-r0/recipe-sysroot --enable-nls --enable-initfini-array
Thread model: posix
gcc version 7.3.0 (GCC) 
COMPILER_PATH=/usr/local/oecore-x86_64/sysroots/x86_64-angstromsdk-linux/usr/libexec/arm-angstrom-linux-gnueabi/gcc/arm-angstrom-linux-gnueabi/7.3.0/:/usr/local/oecore-x86_64/sysroots/x86_64-angstromsdk-linux/usr/libexec/arm-angstrom-linux-gnueabi/gcc/arm-angstrom-linux-gnueabi/7.3.0/:/usr/local/oecore-x86_64/sysroots/x86_64-angstromsdk-linux/usr/libexec/arm-angstrom-linux-gnueabi/gcc/arm-angstrom-linux-gnueabi/:/usr/local/oecore-x86_64/sysroots/x86_64-angstromsdk-linux/usr/lib/arm-angstrom-linux-gnueabi/gcc/arm-angstrom-linux-gnueabi/7.3.0/:/usr/local/oecore-x86_64/sysroots/x86_64-angstromsdk-linux/usr/lib/arm-angstrom-linux-gnueabi/gcc/arm-angstrom-linux-gnueabi/
LIBRARY_PATH=/usr/local/oecore-x86_64/sysroots/x86_64-angstromsdk-linux/usr/lib/arm-angstrom-linux-gnueabi/gcc/arm-angstrom-linux-gnueabi/7.3.0/:/usr/local/oecore-x86_64/sysroots/armv7at2hf-neon-angstrom-linux-gnueabi/lib/:/usr/local/oecore-x86_64/sysroots/armv7at2hf-neon-angstrom-linux-gnueabi/usr/lib/arm-angstrom-linux-gnueabi/7.3.0/:/usr/local/oecore-x86_64/sysroots/armv7at2hf-neon-angstrom-linux-gnueabi/usr/lib/
COLLECT_GCC_OPTIONS='--sysroot=/usr/local/oecore-x86_64/sysroots/armv7at2hf-neon-angstrom-linux-gnueabi' '-march=armv7-a' '-mthumb' '-mfpu=neon' '-mfloat-abi=hard' '-O2' '-pipe' '-g' '-feliminate-unused-debug-types' '-v' '-o' 'cmTC_4653c' '-mtls-dialect=gnu'
 /usr/local/oecore-x86_64/sysroots/x86_64-angstromsdk-linux/usr/libexec/arm-angstrom-linux-gnueabi/gcc/arm-angstrom-linux-gnueabi/7.3.0/collect2 -plugin /usr/local/oecore-x86_64/sysroots/x86_64-angstromsdk-linux/usr/libexec/arm-angstrom-linux-gnueabi/gcc/arm-angstrom-linux-gnueabi/7.3.0/liblto_plugin.so -plugin-opt=/usr/local/oecore-x86_64/sysroots/x86_64-angstromsdk-linux/usr/libexec/arm-angstrom-linux-gnueabi/gcc/arm-angstrom-linux-gnueabi/7.3.0/lto-wrapper -plugin-opt=-fresolution=/tmp/ccn0gpcA.res -plugin-opt=-pass-through=-lgcc -plugin-opt=-pass-through=-lgcc_s -plugin-opt=-pass-through=-lc -plugin-opt=-pass-through=-lgcc -plugin-opt=-pass-through=-lgcc_s --sysroot=/usr/local/oecore-x86_64/sysroots/armv7at2hf-neon-angstrom-linux-gnueabi --build-id --eh-frame-hdr --hash-style=gnu -dynamic-linker /lib/ld-linux-armhf.so.3 -X -m armelf_linux_eabi -o cmTC_4653c /usr/local/oecore-x86_64/sysroots/armv7at2hf-neon-angstrom-linux-gnueabi/usr/lib/crt1.o /usr/local/oecore-x86_64/sysroots/armv7at2hf-neon-angstrom-linux-gnueabi/usr/lib/crti.o /usr/local/oecore-x86_64/sysroots/armv7at2hf-neon-angstrom-linux-gnueabi/usr/lib/arm-angstrom-linux-gnueabi/7.3.0/crtbegin.o -L/usr/local/oecore-x86_64/sysroots/x86_64-angstromsdk-linux/usr/lib/arm-angstrom-linux-gnueabi/gcc/arm-angstrom-linux-gnueabi/7.3.0 -L/usr/local/oecore-x86_64/sysroots/armv7at2hf-neon-angstrom-linux-gnueabi/lib -L/usr/local/oecore-x86_64/sysroots/armv7at2hf-neon-angstrom-linux-gnueabi/usr/lib/arm-angstrom-linux-gnueabi/7.3.0 -L/usr/local/oecore-x86_64/sysroots/armv7at2hf-neon-angstrom-linux-gnueabi/usr/lib -O1 --hash-style=gnu --as-needed CMakeFiles/cmTC_4653c.dir/CMakeCCompilerABI.c.o -lgcc --as-needed -lgcc_s --no-as-needed -lc -lgcc --as-needed -lgcc_s --no-as-needed /usr/local/oecore-x86_64/sysroots/armv7at2hf-neon-angstrom-linux-gnueabi/usr/lib/arm-angstrom-linux-gnueabi/7.3.0/crtend.o /usr/local/oecore-x86_64/sysroots/armv7at2hf-neon-angstrom-linux-gnueabi/usr/lib/crtn.o
COLLECT_GCC_OPTIONS='--sysroot=/usr/local/oecore-x86_64/sysroots/armv7at2hf-neon-angstrom-linux-gnueabi' '-march=armv7-a' '-mthumb' '-mfpu=neon' '-mfloat-abi=hard' '-O2' '-pipe' '-g' '-feliminate-unused-debug-types' '-v' '-o' 'cmTC_4653c' '-mtls-dialect=gnu'
gmake[1]: Leaving directory '/home/diego/dev/projects/A71CH/axHostSw/hostLib/build/CMakeFiles/CMakeTmp'


Parsed C implicit link information from above output:
  link line regex: [^( *|.*[/\])(arm-angstrom-linux-gnueabi-ld|([^/\]+-)?ld|collect2)[^/\]*( |$)]
  ignore line: [Change Dir: /home/diego/dev/projects/A71CH/axHostSw/hostLib/build/CMakeFiles/CMakeTmp]
  ignore line: []
  ignore line: [Run Build Command:"/usr/bin/gmake" "cmTC_4653c/fast"]
  ignore line: [/usr/bin/gmake -f CMakeFiles/cmTC_4653c.dir/build.make CMakeFiles/cmTC_4653c.dir/build]
  ignore line: [gmake[1]: Entering directory '/home/diego/dev/projects/A71CH/axHostSw/hostLib/build/CMakeFiles/CMakeTmp']
  ignore line: [Building C object CMakeFiles/cmTC_4653c.dir/CMakeCCompilerABI.c.o]
  ignore line: [/usr/local/oecore-x86_64/sysroots/x86_64-angstromsdk-linux/usr/bin/arm-angstrom-linux-gnueabi/arm-angstrom-linux-gnueabi-gcc   -march=armv7-a -mthumb -mfpu=neon -mfloat-abi=hard --sysroot=/usr/local/oecore-x86_64/sysroots/armv7at2hf-neon-angstrom-linux-gnueabi   -O2 -pipe -g -feliminate-unused-debug-types     -o CMakeFiles/cmTC_4653c.dir/CMakeCCompilerABI.c.o   -c /usr/local/oecore-x86_64/sysroots/x86_64-angstromsdk-linux/usr/share/cmake-3.8/Modules/CMakeCCompilerABI.c]
  ignore line: [Linking C executable cmTC_4653c]
  ignore line: [/usr/local/oecore-x86_64/sysroots/x86_64-angstromsdk-linux/usr/bin/cmake -E cmake_link_script CMakeFiles/cmTC_4653c.dir/link.txt --verbose=1]
  ignore line: [/usr/local/oecore-x86_64/sysroots/x86_64-angstromsdk-linux/usr/bin/arm-angstrom-linux-gnueabi/arm-angstrom-linux-gnueabi-gcc   -march=armv7-a -mthumb -mfpu=neon -mfloat-abi=hard --sysroot=/usr/local/oecore-x86_64/sysroots/armv7at2hf-neon-angstrom-linux-gnueabi  -O2 -pipe -g -feliminate-unused-debug-types    -Wl,-O1 -Wl,--hash-style=gnu -Wl,--as-needed -v CMakeFiles/cmTC_4653c.dir/CMakeCCompilerABI.c.o  -o cmTC_4653c ]
  ignore line: [Using built-in specs.]
  ignore line: [COLLECT_GCC=/usr/local/oecore-x86_64/sysroots/x86_64-angstromsdk-linux/usr/bin/arm-angstrom-linux-gnueabi/arm-angstrom-linux-gnueabi-gcc]
  ignore line: [COLLECT_LTO_WRAPPER=/usr/local/oecore-x86_64/sysroots/x86_64-angstromsdk-linux/usr/libexec/arm-angstrom-linux-gnueabi/gcc/arm-angstrom-linux-gnueabi/7.3.0/lto-wrapper]
  ignore line: [Target: arm-angstrom-linux-gnueabi]
  ignore line: [Configured with: ../../../../../../work-shared/gcc-7.3.0-r0/gcc-7.3.0/configure --build=x86_64-linux --host=x86_64-angstromsdk-linux --target=arm-angstrom-linux-gnueabi --prefix=/usr/local/oecore-x86_64/sysroots/x86_64-angstromsdk-linux/usr --exec_prefix=/usr/local/oecore-x86_64/sysroots/x86_64-angstromsdk-linux/usr --bindir=/usr/local/oecore-x86_64/sysroots/x86_64-angstromsdk-linux/usr/bin/arm-angstrom-linux-gnueabi --sbindir=/usr/local/oecore-x86_64/sysroots/x86_64-angstromsdk-linux/usr/bin/arm-angstrom-linux-gnueabi --libexecdir=/usr/local/oecore-x86_64/sysroots/x86_64-angstromsdk-linux/usr/libexec/arm-angstrom-linux-gnueabi --datadir=/usr/local/oecore-x86_64/sysroots/x86_64-angstromsdk-linux/usr/share --sysconfdir=/usr/local/oecore-x86_64/sysroots/x86_64-angstromsdk-linux/etc --sharedstatedir=/usr/local/oecore-x86_64/sysroots/x86_64-angstromsdk-linux/com --localstatedir=/usr/local/oecore-x86_64/sysroots/x86_64-angstromsdk-linux/var --libdir=/usr/local/oecore-x86_64/sysroots/x86_64-angstromsdk-linux/usr/lib/arm-angstrom-linux-gnueabi --includedir=/usr/local/oecore-x86_64/sysroots/x86_64-angstromsdk-linux/usr/include --oldincludedir=/usr/local/oecore-x86_64/sysroots/x86_64-angstromsdk-linux/usr/include --infodir=/usr/local/oecore-x86_64/sysroots/x86_64-angstromsdk-linux/usr/share/info --mandir=/usr/local/oecore-x86_64/sysroots/x86_64-angstromsdk-linux/usr/share/man --disable-silent-rules --disable-dependency-tracking --with-libtool-sysroot=/home/diego/dev/repos/oe-core/build/tmp-glibc/work/x86_64-nativesdk-angstromsdk-linux/gcc-cross-canadian-arm/7.3.0-r0/recipe-sysroot --with-gnu-ld --enable-shared --enable-languages=c,c++ --enable-threads=posix --enable-multilib --enable-c99 --enable-long-long --enable-symvers=gnu --enable-libstdcxx-pch --program-prefix=arm-angstrom-linux-gnueabi- --without-local-prefix --enable-lto --enable-libssp --enable-libitm --disable-bootstrap --disable-libmudflap --with-system-zlib --with-linker-hash-style=gnu --enable-linker-build-id --with-ppl=no --with-cloog=no --enable-checking=release --enable-cheaders=c_global --without-isl --with-gxx-include-dir=/not/exist/usr/include/c++/7.3.0 --with-build-time-tools=/home/diego/dev/repos/oe-core/build/tmp-glibc/work/x86_64-nativesdk-angstromsdk-linux/gcc-cross-canadian-arm/7.3.0-r0/recipe-sysroot-native/usr/arm-angstrom-linux-gnueabi/bin --with-sysroot=/not/exist --with-build-sysroot=/home/diego/dev/repos/oe-core/build/tmp-glibc/work/x86_64-nativesdk-angstromsdk-linux/gcc-cross-canadian-arm/7.3.0-r0/recipe-sysroot --without-long-double-128 --enable-poison-system-directories --with-mpfr=/home/diego/dev/repos/oe-core/build/tmp-glibc/work/x86_64-nativesdk-angstromsdk-linux/gcc-cross-canadian-arm/7.3.0-r0/recipe-sysroot --with-mpc=/home/diego/dev/repos/oe-core/build/tmp-glibc/work/x86_64-nativesdk-angstromsdk-linux/gcc-cross-canadian-arm/7.3.0-r0/recipe-sysroot --enable-nls --enable-initfini-array]
  ignore line: [Thread model: posix]
  ignore line: [gcc version 7.3.0 (GCC) ]
  ignore line: [COMPILER_PATH=/usr/local/oecore-x86_64/sysroots/x86_64-angstromsdk-linux/usr/libexec/arm-angstrom-linux-gnueabi/gcc/arm-angstrom-linux-gnueabi/7.3.0/:/usr/local/oecore-x86_64/sysroots/x86_64-angstromsdk-linux/usr/libexec/arm-angstrom-linux-gnueabi/gcc/arm-angstrom-linux-gnueabi/7.3.0/:/usr/local/oecore-x86_64/sysroots/x86_64-angstromsdk-linux/usr/libexec/arm-angstrom-linux-gnueabi/gcc/arm-angstrom-linux-gnueabi/:/usr/local/oecore-x86_64/sysroots/x86_64-angstromsdk-linux/usr/lib/arm-angstrom-linux-gnueabi/gcc/arm-angstrom-linux-gnueabi/7.3.0/:/usr/local/oecore-x86_64/sysroots/x86_64-angstromsdk-linux/usr/lib/arm-angstrom-linux-gnueabi/gcc/arm-angstrom-linux-gnueabi/]
  ignore line: [LIBRARY_PATH=/usr/local/oecore-x86_64/sysroots/x86_64-angstromsdk-linux/usr/lib/arm-angstrom-linux-gnueabi/gcc/arm-angstrom-linux-gnueabi/7.3.0/:/usr/local/oecore-x86_64/sysroots/armv7at2hf-neon-angstrom-linux-gnueabi/lib/:/usr/local/oecore-x86_64/sysroots/armv7at2hf-neon-angstrom-linux-gnueabi/usr/lib/arm-angstrom-linux-gnueabi/7.3.0/:/usr/local/oecore-x86_64/sysroots/armv7at2hf-neon-angstrom-linux-gnueabi/usr/lib/]
  ignore line: [COLLECT_GCC_OPTIONS='--sysroot=/usr/local/oecore-x86_64/sysroots/armv7at2hf-neon-angstrom-linux-gnueabi' '-march=armv7-a' '-mthumb' '-mfpu=neon' '-mfloat-abi=hard' '-O2' '-pipe' '-g' '-feliminate-unused-debug-types' '-v' '-o' 'cmTC_4653c' '-mtls-dialect=gnu']
  link line: [ /usr/local/oecore-x86_64/sysroots/x86_64-angstromsdk-linux/usr/libexec/arm-angstrom-linux-gnueabi/gcc/arm-angstrom-linux-gnueabi/7.3.0/collect2 -plugin /usr/local/oecore-x86_64/sysroots/x86_64-angstromsdk-linux/usr/libexec/arm-angstrom-linux-gnueabi/gcc/arm-angstrom-linux-gnueabi/7.3.0/liblto_plugin.so -plugin-opt=/usr/local/oecore-x86_64/sysroots/x86_64-angstromsdk-linux/usr/libexec/arm-angstrom-linux-gnueabi/gcc/arm-angstrom-linux-gnueabi/7.3.0/lto-wrapper -plugin-opt=-fresolution=/tmp/ccn0gpcA.res -plugin-opt=-pass-through=-lgcc -plugin-opt=-pass-through=-lgcc_s -plugin-opt=-pass-through=-lc -plugin-opt=-pass-through=-lgcc -plugin-opt=-pass-through=-lgcc_s --sysroot=/usr/local/oecore-x86_64/sysroots/armv7at2hf-neon-angstrom-linux-gnueabi --build-id --eh-frame-hdr --hash-style=gnu -dynamic-linker /lib/ld-linux-armhf.so.3 -X -m armelf_linux_eabi -o cmTC_4653c /usr/local/oecore-x86_64/sysroots/armv7at2hf-neon-angstrom-linux-gnueabi/usr/lib/crt1.o /usr/local/oecore-x86_64/sysroots/armv7at2hf-neon-angstrom-linux-gnueabi/usr/lib/crti.o /usr/local/oecore-x86_64/sysroots/armv7at2hf-neon-angstrom-linux-gnueabi/usr/lib/arm-angstrom-linux-gnueabi/7.3.0/crtbegin.o -L/usr/local/oecore-x86_64/sysroots/x86_64-angstromsdk-linux/usr/lib/arm-angstrom-linux-gnueabi/gcc/arm-angstrom-linux-gnueabi/7.3.0 -L/usr/local/oecore-x86_64/sysroots/armv7at2hf-neon-angstrom-linux-gnueabi/lib -L/usr/local/oecore-x86_64/sysroots/armv7at2hf-neon-angstrom-linux-gnueabi/usr/lib/arm-angstrom-linux-gnueabi/7.3.0 -L/usr/local/oecore-x86_64/sysroots/armv7at2hf-neon-angstrom-linux-gnueabi/usr/lib -O1 --hash-style=gnu --as-needed CMakeFiles/cmTC_4653c.dir/CMakeCCompilerABI.c.o -lgcc --as-needed -lgcc_s --no-as-needed -lc -lgcc --as-needed -lgcc_s --no-as-needed /usr/local/oecore-x86_64/sysroots/armv7at2hf-neon-angstrom-linux-gnueabi/usr/lib/arm-angstrom-linux-gnueabi/7.3.0/crtend.o /usr/local/oecore-x86_64/sysroots/armv7at2hf-neon-angstrom-linux-gnueabi/usr/lib/crtn.o]
    arg [/usr/local/oecore-x86_64/sysroots/x86_64-angstromsdk-linux/usr/libexec/arm-angstrom-linux-gnueabi/gcc/arm-angstrom-linux-gnueabi/7.3.0/collect2] ==> ignore
    arg [-plugin] ==> ignore
    arg [/usr/local/oecore-x86_64/sysroots/x86_64-angstromsdk-linux/usr/libexec/arm-angstrom-linux-gnueabi/gcc/arm-angstrom-linux-gnueabi/7.3.0/liblto_plugin.so] ==> ignore
    arg [-plugin-opt=/usr/local/oecore-x86_64/sysroots/x86_64-angstromsdk-linux/usr/libexec/arm-angstrom-linux-gnueabi/gcc/arm-angstrom-linux-gnueabi/7.3.0/lto-wrapper] ==> ignore
    arg [-plugin-opt=-fresolution=/tmp/ccn0gpcA.res] ==> ignore
    arg [-plugin-opt=-pass-through=-lgcc] ==> ignore
    arg [-plugin-opt=-pass-through=-lgcc_s] ==> ignore
    arg [-plugin-opt=-pass-through=-lc] ==> ignore
    arg [-plugin-opt=-pass-through=-lgcc] ==> ignore
    arg [-plugin-opt=-pass-through=-lgcc_s] ==> ignore
    arg [--sysroot=/usr/local/oecore-x86_64/sysroots/armv7at2hf-neon-angstrom-linux-gnueabi] ==> ignore
    arg [--build-id] ==> ignore
    arg [--eh-frame-hdr] ==> ignore
    arg [--hash-style=gnu] ==> ignore
    arg [-dynamic-linker] ==> ignore
    arg [/lib/ld-linux-armhf.so.3] ==> ignore
    arg [-X] ==> ignore
    arg [-m] ==> ignore
    arg [armelf_linux_eabi] ==> ignore
    arg [-o] ==> ignore
    arg [cmTC_4653c] ==> ignore
    arg [/usr/local/oecore-x86_64/sysroots/armv7at2hf-neon-angstrom-linux-gnueabi/usr/lib/crt1.o] ==> ignore
    arg [/usr/local/oecore-x86_64/sysroots/armv7at2hf-neon-angstrom-linux-gnueabi/usr/lib/crti.o] ==> ignore
    arg [/usr/local/oecore-x86_64/sysroots/armv7at2hf-neon-angstrom-linux-gnueabi/usr/lib/arm-angstrom-linux-gnueabi/7.3.0/crtbegin.o] ==> ignore
    arg [-L/usr/local/oecore-x86_64/sysroots/x86_64-angstromsdk-linux/usr/lib/arm-angstrom-linux-gnueabi/gcc/arm-angstrom-linux-gnueabi/7.3.0] ==> dir [/usr/local/oecore-x86_64/sysroots/x86_64-angstromsdk-linux/usr/lib/arm-angstrom-linux-gnueabi/gcc/arm-angstrom-linux-gnueabi/7.3.0]
    arg [-L/usr/local/oecore-x86_64/sysroots/armv7at2hf-neon-angstrom-linux-gnueabi/lib] ==> dir [/usr/local/oecore-x86_64/sysroots/armv7at2hf-neon-angstrom-linux-gnueabi/lib]
    arg [-L/usr/local/oecore-x86_64/sysroots/armv7at2hf-neon-angstrom-linux-gnueabi/usr/lib/arm-angstrom-linux-gnueabi/7.3.0] ==> dir [/usr/local/oecore-x86_64/sysroots/armv7at2hf-neon-angstrom-linux-gnueabi/usr/lib/arm-angstrom-linux-gnueabi/7.3.0]
    arg [-L/usr/local/oecore-x86_64/sysroots/armv7at2hf-neon-angstrom-linux-gnueabi/usr/lib] ==> dir [/usr/local/oecore-x86_64/sysroots/armv7at2hf-neon-angstrom-linux-gnueabi/usr/lib]
    arg [-O1] ==> ignore
    arg [--hash-style=gnu] ==> ignore
    arg [--as-needed] ==> ignore
    arg [CMakeFiles/cmTC_4653c.dir/CMakeCCompilerABI.c.o] ==> ignore
    arg [-lgcc] ==> lib [gcc]
    arg [--as-needed] ==> ignore
    arg [-lgcc_s] ==> lib [gcc_s]
    arg [--no-as-needed] ==> ignore
    arg [-lc] ==> lib [c]
    arg [-lgcc] ==> lib [gcc]
    arg [--as-needed] ==> ignore
    arg [-lgcc_s] ==> lib [gcc_s]
    arg [--no-as-needed] ==> ignore
    arg [/usr/local/oecore-x86_64/sysroots/armv7at2hf-neon-angstrom-linux-gnueabi/usr/lib/arm-angstrom-linux-gnueabi/7.3.0/crtend.o] ==> ignore
    arg [/usr/local/oecore-x86_64/sysroots/armv7at2hf-neon-angstrom-linux-gnueabi/usr/lib/crtn.o] ==> ignore
  remove lib [gcc]
  remove lib [gcc_s]
  remove lib [gcc]
  remove lib [gcc_s]
  collapse library dir [/usr/local/oecore-x86_64/sysroots/x86_64-angstromsdk-linux/usr/lib/arm-angstrom-linux-gnueabi/gcc/arm-angstrom-linux-gnueabi/7.3.0] ==> [/usr/local/oecore-x86_64/sysroots/x86_64-angstromsdk-linux/usr/lib/arm-angstrom-linux-gnueabi/gcc/arm-angstrom-linux-gnueabi/7.3.0]
  collapse library dir [/usr/local/oecore-x86_64/sysroots/armv7at2hf-neon-angstrom-linux-gnueabi/lib] ==> [/usr/local/oecore-x86_64/sysroots/armv7at2hf-neon-angstrom-linux-gnueabi/lib]
  collapse library dir [/usr/local/oecore-x86_64/sysroots/armv7at2hf-neon-angstrom-linux-gnueabi/usr/lib/arm-angstrom-linux-gnueabi/7.3.0] ==> [/usr/local/oecore-x86_64/sysroots/armv7at2hf-neon-angstrom-linux-gnueabi/usr/lib/arm-angstrom-linux-gnueabi/7.3.0]
  collapse library dir [/usr/local/oecore-x86_64/sysroots/armv7at2hf-neon-angstrom-linux-gnueabi/usr/lib] ==> [/usr/local/oecore-x86_64/sysroots/armv7at2hf-neon-angstrom-linux-gnueabi/usr/lib]
  implicit libs: [c]
  implicit dirs: [/usr/local/oecore-x86_64/sysroots/x86_64-angstromsdk-linux/usr/lib/arm-angstrom-linux-gnueabi/gcc/arm-angstrom-linux-gnueabi/7.3.0;/usr/local/oecore-x86_64/sysroots/armv7at2hf-neon-angstrom-linux-gnueabi/lib;/usr/local/oecore-x86_64/sysroots/armv7at2hf-neon-angstrom-linux-gnueabi/usr/lib/arm-angstrom-linux-gnueabi/7.3.0;/usr/local/oecore-x86_64/sysroots/armv7at2hf-neon-angstrom-linux-gnueabi/usr/lib]
  implicit fwks: []




Detecting C [-std=c11] compiler features compiled with the following output:
Change Dir: /home/diego/dev/projects/A71CH/axHostSw/hostLib/build/CMakeFiles/CMakeTmp

Run Build Command:"/usr/bin/gmake" "cmTC_a1210/fast"
/usr/bin/gmake -f CMakeFiles/cmTC_a1210.dir/build.make CMakeFiles/cmTC_a1210.dir/build
gmake[1]: Entering directory '/home/diego/dev/projects/A71CH/axHostSw/hostLib/build/CMakeFiles/CMakeTmp'
Building C object CMakeFiles/cmTC_a1210.dir/feature_tests.c.o
/usr/local/oecore-x86_64/sysroots/x86_64-angstromsdk-linux/usr/bin/arm-angstrom-linux-gnueabi/arm-angstrom-linux-gnueabi-gcc   -march=armv7-a -mthumb -mfpu=neon -mfloat-abi=hard --sysroot=/usr/local/oecore-x86_64/sysroots/armv7at2hf-neon-angstrom-linux-gnueabi   -O2 -pipe -g -feliminate-unused-debug-types     -std=c11 -o CMakeFiles/cmTC_a1210.dir/feature_tests.c.o   -c /home/diego/dev/projects/A71CH/axHostSw/hostLib/build/CMakeFiles/feature_tests.c
Linking C executable cmTC_a1210
/usr/local/oecore-x86_64/sysroots/x86_64-angstromsdk-linux/usr/bin/cmake -E cmake_link_script CMakeFiles/cmTC_a1210.dir/link.txt --verbose=1
/usr/local/oecore-x86_64/sysroots/x86_64-angstromsdk-linux/usr/bin/arm-angstrom-linux-gnueabi/arm-angstrom-linux-gnueabi-gcc   -march=armv7-a -mthumb -mfpu=neon -mfloat-abi=hard --sysroot=/usr/local/oecore-x86_64/sysroots/armv7at2hf-neon-angstrom-linux-gnueabi  -O2 -pipe -g -feliminate-unused-debug-types    -Wl,-O1 -Wl,--hash-style=gnu -Wl,--as-needed  CMakeFiles/cmTC_a1210.dir/feature_tests.c.o  -o cmTC_a1210 
gmake[1]: Leaving directory '/home/diego/dev/projects/A71CH/axHostSw/hostLib/build/CMakeFiles/CMakeTmp'


    Feature record: C_FEATURE:1c_function_prototypes
    Feature record: C_FEATURE:1c_restrict
    Feature record: C_FEATURE:1c_static_assert
    Feature record: C_FEATURE:1c_variadic_macros


Detecting C [-std=c99] compiler features compiled with the following output:
Change Dir: /home/diego/dev/projects/A71CH/axHostSw/hostLib/build/CMakeFiles/CMakeTmp

Run Build Command:"/usr/bin/gmake" "cmTC_3f2a2/fast"
/usr/bin/gmake -f CMakeFiles/cmTC_3f2a2.dir/build.make CMakeFiles/cmTC_3f2a2.dir/build
gmake[1]: Entering directory '/home/diego/dev/projects/A71CH/axHostSw/hostLib/build/CMakeFiles/CMakeTmp'
Building C object CMakeFiles/cmTC_3f2a2.dir/feature_tests.c.o
/usr/local/oecore-x86_64/sysroots/x86_64-angstromsdk-linux/usr/bin/arm-angstrom-linux-gnueabi/arm-angstrom-linux-gnueabi-gcc   -march=armv7-a -mthumb -mfpu=neon -mfloat-abi=hard --sysroot=/usr/local/oecore-x86_64/sysroots/armv7at2hf-neon-angstrom-linux-gnueabi   -O2 -pipe -g -feliminate-unused-debug-types     -std=c99 -o CMakeFiles/cmTC_3f2a2.dir/feature_tests.c.o   -c /home/diego/dev/projects/A71CH/axHostSw/hostLib/build/CMakeFiles/feature_tests.c
Linking C executable cmTC_3f2a2
/usr/local/oecore-x86_64/sysroots/x86_64-angstromsdk-linux/usr/bin/cmake -E cmake_link_script CMakeFiles/cmTC_3f2a2.dir/link.txt --verbose=1
/usr/local/oecore-x86_64/sysroots/x86_64-angstromsdk-linux/usr/bin/arm-angstrom-linux-gnueabi/arm-angstrom-linux-gnueabi-gcc   -march=armv7-a -mthumb -mfpu=neon -mfloat-abi=hard --sysroot=/usr/local/oecore-x86_64/sysroots/armv7at2hf-neon-angstrom-linux-gnueabi  -O2 -pipe -g -feliminate-unused-debug-types    -Wl,-O1 -Wl,--hash-style=gnu -Wl,--as-needed  CMakeFiles/cmTC_3f2a2.dir/feature_tests.c.o  -o cmTC_3f2a2 
gmake[1]: Leaving directory '/home/diego/dev/projects/A71CH/axHostSw/hostLib/build/CMakeFiles/CMakeTmp'


    Feature record: C_FEATURE:1c_function_prototypes
    Feature record: C_FEATURE:1c_restrict
    Feature record: C_FEATURE:0c_static_assert
    Feature record: C_FEATURE:1c_variadic_macros


Detecting C [-std=c90] compiler features compiled with the following output:
Change Dir: /home/diego/dev/projects/A71CH/axHostSw/hostLib/build/CMakeFiles/CMakeTmp

Run Build Command:"/usr/bin/gmake" "cmTC_d41c9/fast"
/usr/bin/gmake -f CMakeFiles/cmTC_d41c9.dir/build.make CMakeFiles/cmTC_d41c9.dir/build
gmake[1]: Entering directory '/home/diego/dev/projects/A71CH/axHostSw/hostLib/build/CMakeFiles/CMakeTmp'
Building C object CMakeFiles/cmTC_d41c9.dir/feature_tests.c.o
/usr/local/oecore-x86_64/sysroots/x86_64-angstromsdk-linux/usr/bin/arm-angstrom-linux-gnueabi/arm-angstrom-linux-gnueabi-gcc   -march=armv7-a -mthumb -mfpu=neon -mfloat-abi=hard --sysroot=/usr/local/oecore-x86_64/sysroots/armv7at2hf-neon-angstrom-linux-gnueabi   -O2 -pipe -g -feliminate-unused-debug-types     -std=c90 -o CMakeFiles/cmTC_d41c9.dir/feature_tests.c.o   -c /home/diego/dev/projects/A71CH/axHostSw/hostLib/build/CMakeFiles/feature_tests.c
Linking C executable cmTC_d41c9
/usr/local/oecore-x86_64/sysroots/x86_64-angstromsdk-linux/usr/bin/cmake -E cmake_link_script CMakeFiles/cmTC_d41c9.dir/link.txt --verbose=1
/usr/local/oecore-x86_64/sysroots/x86_64-angstromsdk-linux/usr/bin/arm-angstrom-linux-gnueabi/arm-angstrom-linux-gnueabi-gcc   -march=armv7-a -mthumb -mfpu=neon -mfloat-abi=hard --sysroot=/usr/local/oecore-x86_64/sysroots/armv7at2hf-neon-angstrom-linux-gnueabi  -O2 -pipe -g -feliminate-unused-debug-types    -Wl,-O1 -Wl,--hash-style=gnu -Wl,--as-needed  CMakeFiles/cmTC_d41c9.dir/feature_tests.c.o  -o cmTC_d41c9 
gmake[1]: Leaving directory '/home/diego/dev/projects/A71CH/axHostSw/hostLib/build/CMakeFiles/CMakeTmp'


    Feature record: C_FEATURE:1c_function_prototypes
    Feature record: C_FEATURE:0c_restrict
    Feature record: C_FEATURE:0c_static_assert
    Feature record: C_FEATURE:0c_variadic_macros
Determining if the CXX compiler works passed with the following output:
Change Dir: /home/diego/dev/projects/A71CH/axHostSw/hostLib/build/CMakeFiles/CMakeTmp

Run Build Command:"/usr/bin/gmake" "cmTC_5f04c/fast"
/usr/bin/gmake -f CMakeFiles/cmTC_5f04c.dir/build.make CMakeFiles/cmTC_5f04c.dir/build
gmake[1]: Entering directory '/home/diego/dev/projects/A71CH/axHostSw/hostLib/build/CMakeFiles/CMakeTmp'
Building CXX object CMakeFiles/cmTC_5f04c.dir/testCXXCompiler.cxx.o
/usr/local/oecore-x86_64/sysroots/x86_64-angstromsdk-linux/usr/bin/arm-angstrom-linux-gnueabi/arm-angstrom-linux-gnueabi-g++   -march=armv7-a -mthumb -mfpu=neon -mfloat-abi=hard --sysroot=/usr/local/oecore-x86_64/sysroots/armv7at2hf-neon-angstrom-linux-gnueabi    -O2 -pipe -g -feliminate-unused-debug-types     -o CMakeFiles/cmTC_5f04c.dir/testCXXCompiler.cxx.o -c /home/diego/dev/projects/A71CH/axHostSw/hostLib/build/CMakeFiles/CMakeTmp/testCXXCompiler.cxx
Linking CXX executable cmTC_5f04c
/usr/local/oecore-x86_64/sysroots/x86_64-angstromsdk-linux/usr/bin/cmake -E cmake_link_script CMakeFiles/cmTC_5f04c.dir/link.txt --verbose=1
/usr/local/oecore-x86_64/sysroots/x86_64-angstromsdk-linux/usr/bin/arm-angstrom-linux-gnueabi/arm-angstrom-linux-gnueabi-g++   -march=armv7-a -mthumb -mfpu=neon -mfloat-abi=hard --sysroot=/usr/local/oecore-x86_64/sysroots/armv7at2hf-neon-angstrom-linux-gnueabi   -O2 -pipe -g -feliminate-unused-debug-types    -Wl,-O1 -Wl,--hash-style=gnu -Wl,--as-needed  CMakeFiles/cmTC_5f04c.dir/testCXXCompiler.cxx.o  -o cmTC_5f04c 
gmake[1]: Leaving directory '/home/diego/dev/projects/A71CH/axHostSw/hostLib/build/CMakeFiles/CMakeTmp'


Detecting CXX compiler ABI info compiled with the following output:
Change Dir: /home/diego/dev/projects/A71CH/axHostSw/hostLib/build/CMakeFiles/CMakeTmp

Run Build Command:"/usr/bin/gmake" "cmTC_c924d/fast"
/usr/bin/gmake -f CMakeFiles/cmTC_c924d.dir/build.make CMakeFiles/cmTC_c924d.dir/build
gmake[1]: Entering directory '/home/diego/dev/projects/A71CH/axHostSw/hostLib/build/CMakeFiles/CMakeTmp'
Building CXX object CMakeFiles/cmTC_c924d.dir/CMakeCXXCompilerABI.cpp.o
/usr/local/oecore-x86_64/sysroots/x86_64-angstromsdk-linux/usr/bin/arm-angstrom-linux-gnueabi/arm-angstrom-linux-gnueabi-g++   -march=armv7-a -mthumb -mfpu=neon -mfloat-abi=hard --sysroot=/usr/local/oecore-x86_64/sysroots/armv7at2hf-neon-angstrom-linux-gnueabi    -O2 -pipe -g -feliminate-unused-debug-types     -o CMakeFiles/cmTC_c924d.dir/CMakeCXXCompilerABI.cpp.o -c /usr/local/oecore-x86_64/sysroots/x86_64-angstromsdk-linux/usr/share/cmake-3.8/Modules/CMakeCXXCompilerABI.cpp
Linking CXX executable cmTC_c924d
/usr/local/oecore-x86_64/sysroots/x86_64-angstromsdk-linux/usr/bin/cmake -E cmake_link_script CMakeFiles/cmTC_c924d.dir/link.txt --verbose=1
/usr/local/oecore-x86_64/sysroots/x86_64-angstromsdk-linux/usr/bin/arm-angstrom-linux-gnueabi/arm-angstrom-linux-gnueabi-g++   -march=armv7-a -mthumb -mfpu=neon -mfloat-abi=hard --sysroot=/usr/local/oecore-x86_64/sysroots/armv7at2hf-neon-angstrom-linux-gnueabi   -O2 -pipe -g -feliminate-unused-debug-types    -Wl,-O1 -Wl,--hash-style=gnu -Wl,--as-needed -v CMakeFiles/cmTC_c924d.dir/CMakeCXXCompilerABI.cpp.o  -o cmTC_c924d 
Using built-in specs.
COLLECT_GCC=/usr/local/oecore-x86_64/sysroots/x86_64-angstromsdk-linux/usr/bin/arm-angstrom-linux-gnueabi/arm-angstrom-linux-gnueabi-g++
COLLECT_LTO_WRAPPER=/usr/local/oecore-x86_64/sysroots/x86_64-angstromsdk-linux/usr/libexec/arm-angstrom-linux-gnueabi/gcc/arm-angstrom-linux-gnueabi/7.3.0/lto-wrapper
Target: arm-angstrom-linux-gnueabi
Configured with: ../../../../../../work-shared/gcc-7.3.0-r0/gcc-7.3.0/configure --build=x86_64-linux --host=x86_64-angstromsdk-linux --target=arm-angstrom-linux-gnueabi --prefix=/usr/local/oecore-x86_64/sysroots/x86_64-angstromsdk-linux/usr --exec_prefix=/usr/local/oecore-x86_64/sysroots/x86_64-angstromsdk-linux/usr --bindir=/usr/local/oecore-x86_64/sysroots/x86_64-angstromsdk-linux/usr/bin/arm-angstrom-linux-gnueabi --sbindir=/usr/local/oecore-x86_64/sysroots/x86_64-angstromsdk-linux/usr/bin/arm-angstrom-linux-gnueabi --libexecdir=/usr/local/oecore-x86_64/sysroots/x86_64-angstromsdk-linux/usr/libexec/arm-angstrom-linux-gnueabi --datadir=/usr/local/oecore-x86_64/sysroots/x86_64-angstromsdk-linux/usr/share --sysconfdir=/usr/local/oecore-x86_64/sysroots/x86_64-angstromsdk-linux/etc --sharedstatedir=/usr/local/oecore-x86_64/sysroots/x86_64-angstromsdk-linux/com --localstatedir=/usr/local/oecore-x86_64/sysroots/x86_64-angstromsdk-linux/var --libdir=/usr/local/oecore-x86_64/sysroots/x86_64-angstromsdk-linux/usr/lib/arm-angstrom-linux-gnueabi --includedir=/usr/local/oecore-x86_64/sysroots/x86_64-angstromsdk-linux/usr/include --oldincludedir=/usr/local/oecore-x86_64/sysroots/x86_64-angstromsdk-linux/usr/include --infodir=/usr/local/oecore-x86_64/sysroots/x86_64-angstromsdk-linux/usr/share/info --mandir=/usr/local/oecore-x86_64/sysroots/x86_64-angstromsdk-linux/usr/share/man --disable-silent-rules --disable-dependency-tracking --with-libtool-sysroot=/home/diego/dev/repos/oe-core/build/tmp-glibc/work/x86_64-nativesdk-angstromsdk-linux/gcc-cross-canadian-arm/7.3.0-r0/recipe-sysroot --with-gnu-ld --enable-shared --enable-languages=c,c++ --enable-threads=posix --enable-multilib --enable-c99 --enable-long-long --enable-symvers=gnu --enable-libstdcxx-pch --program-prefix=arm-angstrom-linux-gnueabi- --without-local-prefix --enable-lto --enable-libssp --enable-libitm --disable-bootstrap --disable-libmudflap --with-system-zlib --with-linker-hash-style=gnu --enable-linker-build-id --with-ppl=no --with-cloog=no --enable-checking=release --enable-cheaders=c_global --without-isl --with-gxx-include-dir=/not/exist/usr/include/c++/7.3.0 --with-build-time-tools=/home/diego/dev/repos/oe-core/build/tmp-glibc/work/x86_64-nativesdk-angstromsdk-linux/gcc-cross-canadian-arm/7.3.0-r0/recipe-sysroot-native/usr/arm-angstrom-linux-gnueabi/bin --with-sysroot=/not/exist --with-build-sysroot=/home/diego/dev/repos/oe-core/build/tmp-glibc/work/x86_64-nativesdk-angstromsdk-linux/gcc-cross-canadian-arm/7.3.0-r0/recipe-sysroot --without-long-double-128 --enable-poison-system-directories --with-mpfr=/home/diego/dev/repos/oe-core/build/tmp-glibc/work/x86_64-nativesdk-angstromsdk-linux/gcc-cross-canadian-arm/7.3.0-r0/recipe-sysroot --with-mpc=/home/diego/dev/repos/oe-core/build/tmp-glibc/work/x86_64-nativesdk-angstromsdk-linux/gcc-cross-canadian-arm/7.3.0-r0/recipe-sysroot --enable-nls --enable-initfini-array
Thread model: posix
gcc version 7.3.0 (GCC) 
COMPILER_PATH=/usr/local/oecore-x86_64/sysroots/x86_64-angstromsdk-linux/usr/libexec/arm-angstrom-linux-gnueabi/gcc/arm-angstrom-linux-gnueabi/7.3.0/:/usr/local/oecore-x86_64/sysroots/x86_64-angstromsdk-linux/usr/libexec/arm-angstrom-linux-gnueabi/gcc/arm-angstrom-linux-gnueabi/7.3.0/:/usr/local/oecore-x86_64/sysroots/x86_64-angstromsdk-linux/usr/libexec/arm-angstrom-linux-gnueabi/gcc/arm-angstrom-linux-gnueabi/:/usr/local/oecore-x86_64/sysroots/x86_64-angstromsdk-linux/usr/lib/arm-angstrom-linux-gnueabi/gcc/arm-angstrom-linux-gnueabi/7.3.0/:/usr/local/oecore-x86_64/sysroots/x86_64-angstromsdk-linux/usr/lib/arm-angstrom-linux-gnueabi/gcc/arm-angstrom-linux-gnueabi/
LIBRARY_PATH=/usr/local/oecore-x86_64/sysroots/x86_64-angstromsdk-linux/usr/lib/arm-angstrom-linux-gnueabi/gcc/arm-angstrom-linux-gnueabi/7.3.0/:/usr/local/oecore-x86_64/sysroots/armv7at2hf-neon-angstrom-linux-gnueabi/lib/:/usr/local/oecore-x86_64/sysroots/armv7at2hf-neon-angstrom-linux-gnueabi/usr/lib/arm-angstrom-linux-gnueabi/7.3.0/:/usr/local/oecore-x86_64/sysroots/armv7at2hf-neon-angstrom-linux-gnueabi/usr/lib/
COLLECT_GCC_OPTIONS='--sysroot=/usr/local/oecore-x86_64/sysroots/armv7at2hf-neon-angstrom-linux-gnueabi' '-march=armv7-a' '-mthumb' '-mfpu=neon' '-mfloat-abi=hard' '-O2' '-pipe' '-g' '-feliminate-unused-debug-types' '-v' '-o' 'cmTC_c924d' '-shared-libgcc' '-mtls-dialect=gnu'
 /usr/local/oecore-x86_64/sysroots/x86_64-angstromsdk-linux/usr/libexec/arm-angstrom-linux-gnueabi/gcc/arm-angstrom-linux-gnueabi/7.3.0/collect2 -plugin /usr/local/oecore-x86_64/sysroots/x86_64-angstromsdk-linux/usr/libexec/arm-angstrom-linux-gnueabi/gcc/arm-angstrom-linux-gnueabi/7.3.0/liblto_plugin.so -plugin-opt=/usr/local/oecore-x86_64/sysroots/x86_64-angstromsdk-linux/usr/libexec/arm-angstrom-linux-gnueabi/gcc/arm-angstrom-linux-gnueabi/7.3.0/lto-wrapper -plugin-opt=-fresolution=/tmp/ccIpBqQI.res -plugin-opt=-pass-through=-lgcc_s -plugin-opt=-pass-through=-lgcc -plugin-opt=-pass-through=-lc -plugin-opt=-pass-through=-lgcc_s -plugin-opt=-pass-through=-lgcc --sysroot=/usr/local/oecore-x86_64/sysroots/armv7at2hf-neon-angstrom-linux-gnueabi --build-id --eh-frame-hdr --hash-style=gnu -dynamic-linker /lib/ld-linux-armhf.so.3 -X -m armelf_linux_eabi -o cmTC_c924d /usr/local/oecore-x86_64/sysroots/armv7at2hf-neon-angstrom-linux-gnueabi/usr/lib/crt1.o /usr/local/oecore-x86_64/sysroots/armv7at2hf-neon-angstrom-linux-gnueabi/usr/lib/crti.o /usr/local/oecore-x86_64/sysroots/armv7at2hf-neon-angstrom-linux-gnueabi/usr/lib/arm-angstrom-linux-gnueabi/7.3.0/crtbegin.o -L/usr/local/oecore-x86_64/sysroots/x86_64-angstromsdk-linux/usr/lib/arm-angstrom-linux-gnueabi/gcc/arm-angstrom-linux-gnueabi/7.3.0 -L/usr/local/oecore-x86_64/sysroots/armv7at2hf-neon-angstrom-linux-gnueabi/lib -L/usr/local/oecore-x86_64/sysroots/armv7at2hf-neon-angstrom-linux-gnueabi/usr/lib/arm-angstrom-linux-gnueabi/7.3.0 -L/usr/local/oecore-x86_64/sysroots/armv7at2hf-neon-angstrom-linux-gnueabi/usr/lib -O1 --hash-style=gnu --as-needed CMakeFiles/cmTC_c924d.dir/CMakeCXXCompilerABI.cpp.o -lstdc++ -lm -lgcc_s -lgcc -lc -lgcc_s -lgcc /usr/local/oecore-x86_64/sysroots/armv7at2hf-neon-angstrom-linux-gnueabi/usr/lib/arm-angstrom-linux-gnueabi/7.3.0/crtend.o /usr/local/oecore-x86_64/sysroots/armv7at2hf-neon-angstrom-linux-gnueabi/usr/lib/crtn.o
COLLECT_GCC_OPTIONS='--sysroot=/usr/local/oecore-x86_64/sysroots/armv7at2hf-neon-angstrom-linux-gnueabi' '-march=armv7-a' '-mthumb' '-mfpu=neon' '-mfloat-abi=hard' '-O2' '-pipe' '-g' '-feliminate-unused-debug-types' '-v' '-o' 'cmTC_c924d' '-shared-libgcc' '-mtls-dialect=gnu'
gmake[1]: Leaving directory '/home/diego/dev/projects/A71CH/axHostSw/hostLib/build/CMakeFiles/CMakeTmp'


Parsed CXX implicit link information from above output:
  link line regex: [^( *|.*[/\])(arm-angstrom-linux-gnueabi-ld|([^/\]+-)?ld|collect2)[^/\]*( |$)]
  ignore line: [Change Dir: /home/diego/dev/projects/A71CH/axHostSw/hostLib/build/CMakeFiles/CMakeTmp]
  ignore line: []
  ignore line: [Run Build Command:"/usr/bin/gmake" "cmTC_c924d/fast"]
  ignore line: [/usr/bin/gmake -f CMakeFiles/cmTC_c924d.dir/build.make CMakeFiles/cmTC_c924d.dir/build]
  ignore line: [gmake[1]: Entering directory '/home/diego/dev/projects/A71CH/axHostSw/hostLib/build/CMakeFiles/CMakeTmp']
  ignore line: [Building CXX object CMakeFiles/cmTC_c924d.dir/CMakeCXXCompilerABI.cpp.o]
  ignore line: [/usr/local/oecore-x86_64/sysroots/x86_64-angstromsdk-linux/usr/bin/arm-angstrom-linux-gnueabi/arm-angstrom-linux-gnueabi-g++   -march=armv7-a -mthumb -mfpu=neon -mfloat-abi=hard --sysroot=/usr/local/oecore-x86_64/sysroots/armv7at2hf-neon-angstrom-linux-gnueabi    -O2 -pipe -g -feliminate-unused-debug-types     -o CMakeFiles/cmTC_c924d.dir/CMakeCXXCompilerABI.cpp.o -c /usr/local/oecore-x86_64/sysroots/x86_64-angstromsdk-linux/usr/share/cmake-3.8/Modules/CMakeCXXCompilerABI.cpp]
  ignore line: [Linking CXX executable cmTC_c924d]
  ignore line: [/usr/local/oecore-x86_64/sysroots/x86_64-angstromsdk-linux/usr/bin/cmake -E cmake_link_script CMakeFiles/cmTC_c924d.dir/link.txt --verbose=1]
  ignore line: [/usr/local/oecore-x86_64/sysroots/x86_64-angstromsdk-linux/usr/bin/arm-angstrom-linux-gnueabi/arm-angstrom-linux-gnueabi-g++   -march=armv7-a -mthumb -mfpu=neon -mfloat-abi=hard --sysroot=/usr/local/oecore-x86_64/sysroots/armv7at2hf-neon-angstrom-linux-gnueabi   -O2 -pipe -g -feliminate-unused-debug-types    -Wl,-O1 -Wl,--hash-style=gnu -Wl,--as-needed -v CMakeFiles/cmTC_c924d.dir/CMakeCXXCompilerABI.cpp.o  -o cmTC_c924d ]
  ignore line: [Using built-in specs.]
  ignore line: [COLLECT_GCC=/usr/local/oecore-x86_64/sysroots/x86_64-angstromsdk-linux/usr/bin/arm-angstrom-linux-gnueabi/arm-angstrom-linux-gnueabi-g++]
  ignore line: [COLLECT_LTO_WRAPPER=/usr/local/oecore-x86_64/sysroots/x86_64-angstromsdk-linux/usr/libexec/arm-angstrom-linux-gnueabi/gcc/arm-angstrom-linux-gnueabi/7.3.0/lto-wrapper]
  ignore line: [Target: arm-angstrom-linux-gnueabi]
  ignore line: [Configured with: ../../../../../../work-shared/gcc-7.3.0-r0/gcc-7.3.0/configure --build=x86_64-linux --host=x86_64-angstromsdk-linux --target=arm-angstrom-linux-gnueabi --prefix=/usr/local/oecore-x86_64/sysroots/x86_64-angstromsdk-linux/usr --exec_prefix=/usr/local/oecore-x86_64/sysroots/x86_64-angstromsdk-linux/usr --bindir=/usr/local/oecore-x86_64/sysroots/x86_64-angstromsdk-linux/usr/bin/arm-angstrom-linux-gnueabi --sbindir=/usr/local/oecore-x86_64/sysroots/x86_64-angstromsdk-linux/usr/bin/arm-angstrom-linux-gnueabi --libexecdir=/usr/local/oecore-x86_64/sysroots/x86_64-angstromsdk-linux/usr/libexec/arm-angstrom-linux-gnueabi --datadir=/usr/local/oecore-x86_64/sysroots/x86_64-angstromsdk-linux/usr/share --sysconfdir=/usr/local/oecore-x86_64/sysroots/x86_64-angstromsdk-linux/etc --sharedstatedir=/usr/local/oecore-x86_64/sysroots/x86_64-angstromsdk-linux/com --localstatedir=/usr/local/oecore-x86_64/sysroots/x86_64-angstromsdk-linux/var --libdir=/usr/local/oecore-x86_64/sysroots/x86_64-angstromsdk-linux/usr/lib/arm-angstrom-linux-gnueabi --includedir=/usr/local/oecore-x86_64/sysroots/x86_64-angstromsdk-linux/usr/include --oldincludedir=/usr/local/oecore-x86_64/sysroots/x86_64-angstromsdk-linux/usr/include --infodir=/usr/local/oecore-x86_64/sysroots/x86_64-angstromsdk-linux/usr/share/info --mandir=/usr/local/oecore-x86_64/sysroots/x86_64-angstromsdk-linux/usr/share/man --disable-silent-rules --disable-dependency-tracking --with-libtool-sysroot=/home/diego/dev/repos/oe-core/build/tmp-glibc/work/x86_64-nativesdk-angstromsdk-linux/gcc-cross-canadian-arm/7.3.0-r0/recipe-sysroot --with-gnu-ld --enable-shared --enable-languages=c,c++ --enable-threads=posix --enable-multilib --enable-c99 --enable-long-long --enable-symvers=gnu --enable-libstdcxx-pch --program-prefix=arm-angstrom-linux-gnueabi- --without-local-prefix --enable-lto --enable-libssp --enable-libitm --disable-bootstrap --disable-libmudflap --with-system-zlib --with-linker-hash-style=gnu --enable-linker-build-id --with-ppl=no --with-cloog=no --enable-checking=release --enable-cheaders=c_global --without-isl --with-gxx-include-dir=/not/exist/usr/include/c++/7.3.0 --with-build-time-tools=/home/diego/dev/repos/oe-core/build/tmp-glibc/work/x86_64-nativesdk-angstromsdk-linux/gcc-cross-canadian-arm/7.3.0-r0/recipe-sysroot-native/usr/arm-angstrom-linux-gnueabi/bin --with-sysroot=/not/exist --with-build-sysroot=/home/diego/dev/repos/oe-core/build/tmp-glibc/work/x86_64-nativesdk-angstromsdk-linux/gcc-cross-canadian-arm/7.3.0-r0/recipe-sysroot --without-long-double-128 --enable-poison-system-directories --with-mpfr=/home/diego/dev/repos/oe-core/build/tmp-glibc/work/x86_64-nativesdk-angstromsdk-linux/gcc-cross-canadian-arm/7.3.0-r0/recipe-sysroot --with-mpc=/home/diego/dev/repos/oe-core/build/tmp-glibc/work/x86_64-nativesdk-angstromsdk-linux/gcc-cross-canadian-arm/7.3.0-r0/recipe-sysroot --enable-nls --enable-initfini-array]
  ignore line: [Thread model: posix]
  ignore line: [gcc version 7.3.0 (GCC) ]
  ignore line: [COMPILER_PATH=/usr/local/oecore-x86_64/sysroots/x86_64-angstromsdk-linux/usr/libexec/arm-angstrom-linux-gnueabi/gcc/arm-angstrom-linux-gnueabi/7.3.0/:/usr/local/oecore-x86_64/sysroots/x86_64-angstromsdk-linux/usr/libexec/arm-angstrom-linux-gnueabi/gcc/arm-angstrom-linux-gnueabi/7.3.0/:/usr/local/oecore-x86_64/sysroots/x86_64-angstromsdk-linux/usr/libexec/arm-angstrom-linux-gnueabi/gcc/arm-angstrom-linux-gnueabi/:/usr/local/oecore-x86_64/sysroots/x86_64-angstromsdk-linux/usr/lib/arm-angstrom-linux-gnueabi/gcc/arm-angstrom-linux-gnueabi/7.3.0/:/usr/local/oecore-x86_64/sysroots/x86_64-angstromsdk-linux/usr/lib/arm-angstrom-linux-gnueabi/gcc/arm-angstrom-linux-gnueabi/]
  ignore line: [LIBRARY_PATH=/usr/local/oecore-x86_64/sysroots/x86_64-angstromsdk-linux/usr/lib/arm-angstrom-linux-gnueabi/gcc/arm-angstrom-linux-gnueabi/7.3.0/:/usr/local/oecore-x86_64/sysroots/armv7at2hf-neon-angstrom-linux-gnueabi/lib/:/usr/local/oecore-x86_64/sysroots/armv7at2hf-neon-angstrom-linux-gnueabi/usr/lib/arm-angstrom-linux-gnueabi/7.3.0/:/usr/local/oecore-x86_64/sysroots/armv7at2hf-neon-angstrom-linux-gnueabi/usr/lib/]
  ignore line: [COLLECT_GCC_OPTIONS='--sysroot=/usr/local/oecore-x86_64/sysroots/armv7at2hf-neon-angstrom-linux-gnueabi' '-march=armv7-a' '-mthumb' '-mfpu=neon' '-mfloat-abi=hard' '-O2' '-pipe' '-g' '-feliminate-unused-debug-types' '-v' '-o' 'cmTC_c924d' '-shared-libgcc' '-mtls-dialect=gnu']
  link line: [ /usr/local/oecore-x86_64/sysroots/x86_64-angstromsdk-linux/usr/libexec/arm-angstrom-linux-gnueabi/gcc/arm-angstrom-linux-gnueabi/7.3.0/collect2 -plugin /usr/local/oecore-x86_64/sysroots/x86_64-angstromsdk-linux/usr/libexec/arm-angstrom-linux-gnueabi/gcc/arm-angstrom-linux-gnueabi/7.3.0/liblto_plugin.so -plugin-opt=/usr/local/oecore-x86_64/sysroots/x86_64-angstromsdk-linux/usr/libexec/arm-angstrom-linux-gnueabi/gcc/arm-angstrom-linux-gnueabi/7.3.0/lto-wrapper -plugin-opt=-fresolution=/tmp/ccIpBqQI.res -plugin-opt=-pass-through=-lgcc_s -plugin-opt=-pass-through=-lgcc -plugin-opt=-pass-through=-lc -plugin-opt=-pass-through=-lgcc_s -plugin-opt=-pass-through=-lgcc --sysroot=/usr/local/oecore-x86_64/sysroots/armv7at2hf-neon-angstrom-linux-gnueabi --build-id --eh-frame-hdr --hash-style=gnu -dynamic-linker /lib/ld-linux-armhf.so.3 -X -m armelf_linux_eabi -o cmTC_c924d /usr/local/oecore-x86_64/sysroots/armv7at2hf-neon-angstrom-linux-gnueabi/usr/lib/crt1.o /usr/local/oecore-x86_64/sysroots/armv7at2hf-neon-angstrom-linux-gnueabi/usr/lib/crti.o /usr/local/oecore-x86_64/sysroots/armv7at2hf-neon-angstrom-linux-gnueabi/usr/lib/arm-angstrom-linux-gnueabi/7.3.0/crtbegin.o -L/usr/local/oecore-x86_64/sysroots/x86_64-angstromsdk-linux/usr/lib/arm-angstrom-linux-gnueabi/gcc/arm-angstrom-linux-gnueabi/7.3.0 -L/usr/local/oecore-x86_64/sysroots/armv7at2hf-neon-angstrom-linux-gnueabi/lib -L/usr/local/oecore-x86_64/sysroots/armv7at2hf-neon-angstrom-linux-gnueabi/usr/lib/arm-angstrom-linux-gnueabi/7.3.0 -L/usr/local/oecore-x86_64/sysroots/armv7at2hf-neon-angstrom-linux-gnueabi/usr/lib -O1 --hash-style=gnu --as-needed CMakeFiles/cmTC_c924d.dir/CMakeCXXCompilerABI.cpp.o -lstdc++ -lm -lgcc_s -lgcc -lc -lgcc_s -lgcc /usr/local/oecore-x86_64/sysroots/armv7at2hf-neon-angstrom-linux-gnueabi/usr/lib/arm-angstrom-linux-gnueabi/7.3.0/crtend.o /usr/local/oecore-x86_64/sysroots/armv7at2hf-neon-angstrom-linux-gnueabi/usr/lib/crtn.o]
    arg [/usr/local/oecore-x86_64/sysroots/x86_64-angstromsdk-linux/usr/libexec/arm-angstrom-linux-gnueabi/gcc/arm-angstrom-linux-gnueabi/7.3.0/collect2] ==> ignore
    arg [-plugin] ==> ignore
    arg [/usr/local/oecore-x86_64/sysroots/x86_64-angstromsdk-linux/usr/libexec/arm-angstrom-linux-gnueabi/gcc/arm-angstrom-linux-gnueabi/7.3.0/liblto_plugin.so] ==> ignore
    arg [-plugin-opt=/usr/local/oecore-x86_64/sysroots/x86_64-angstromsdk-linux/usr/libexec/arm-angstrom-linux-gnueabi/gcc/arm-angstrom-linux-gnueabi/7.3.0/lto-wrapper] ==> ignore
    arg [-plugin-opt=-fresolution=/tmp/ccIpBqQI.res] ==> ignore
    arg [-plugin-opt=-pass-through=-lgcc_s] ==> ignore
    arg [-plugin-opt=-pass-through=-lgcc] ==> ignore
    arg [-plugin-opt=-pass-through=-lc] ==> ignore
    arg [-plugin-opt=-pass-through=-lgcc_s] ==> ignore
    arg [-plugin-opt=-pass-through=-lgcc] ==> ignore
    arg [--sysroot=/usr/local/oecore-x86_64/sysroots/armv7at2hf-neon-angstrom-linux-gnueabi] ==> ignore
    arg [--build-id] ==> ignore
    arg [--eh-frame-hdr] ==> ignore
    arg [--hash-style=gnu] ==> ignore
    arg [-dynamic-linker] ==> ignore
    arg [/lib/ld-linux-armhf.so.3] ==> ignore
    arg [-X] ==> ignore
    arg [-m] ==> ignore
    arg [armelf_linux_eabi] ==> ignore
    arg [-o] ==> ignore
    arg [cmTC_c924d] ==> ignore
    arg [/usr/local/oecore-x86_64/sysroots/armv7at2hf-neon-angstrom-linux-gnueabi/usr/lib/crt1.o] ==> ignore
    arg [/usr/local/oecore-x86_64/sysroots/armv7at2hf-neon-angstrom-linux-gnueabi/usr/lib/crti.o] ==> ignore
    arg [/usr/local/oecore-x86_64/sysroots/armv7at2hf-neon-angstrom-linux-gnueabi/usr/lib/arm-angstrom-linux-gnueabi/7.3.0/crtbegin.o] ==> ignore
    arg [-L/usr/local/oecore-x86_64/sysroots/x86_64-angstromsdk-linux/usr/lib/arm-angstrom-linux-gnueabi/gcc/arm-angstrom-linux-gnueabi/7.3.0] ==> dir [/usr/local/oecore-x86_64/sysroots/x86_64-angstromsdk-linux/usr/lib/arm-angstrom-linux-gnueabi/gcc/arm-angstrom-linux-gnueabi/7.3.0]
    arg [-L/usr/local/oecore-x86_64/sysroots/armv7at2hf-neon-angstrom-linux-gnueabi/lib] ==> dir [/usr/local/oecore-x86_64/sysroots/armv7at2hf-neon-angstrom-linux-gnueabi/lib]
    arg [-L/usr/local/oecore-x86_64/sysroots/armv7at2hf-neon-angstrom-linux-gnueabi/usr/lib/arm-angstrom-linux-gnueabi/7.3.0] ==> dir [/usr/local/oecore-x86_64/sysroots/armv7at2hf-neon-angstrom-linux-gnueabi/usr/lib/arm-angstrom-linux-gnueabi/7.3.0]
    arg [-L/usr/local/oecore-x86_64/sysroots/armv7at2hf-neon-angstrom-linux-gnueabi/usr/lib] ==> dir [/usr/local/oecore-x86_64/sysroots/armv7at2hf-neon-angstrom-linux-gnueabi/usr/lib]
    arg [-O1] ==> ignore
    arg [--hash-style=gnu] ==> ignore
    arg [--as-needed] ==> ignore
    arg [CMakeFiles/cmTC_c924d.dir/CMakeCXXCompilerABI.cpp.o] ==> ignore
    arg [-lstdc++] ==> lib [stdc++]
    arg [-lm] ==> lib [m]
    arg [-lgcc_s] ==> lib [gcc_s]
    arg [-lgcc] ==> lib [gcc]
    arg [-lc] ==> lib [c]
    arg [-lgcc_s] ==> lib [gcc_s]
    arg [-lgcc] ==> lib [gcc]
    arg [/usr/local/oecore-x86_64/sysroots/armv7at2hf-neon-angstrom-linux-gnueabi/usr/lib/arm-angstrom-linux-gnueabi/7.3.0/crtend.o] ==> ignore
    arg [/usr/local/oecore-x86_64/sysroots/armv7at2hf-neon-angstrom-linux-gnueabi/usr/lib/crtn.o] ==> ignore
  remove lib [gcc_s]
  remove lib [gcc]
  remove lib [gcc_s]
  remove lib [gcc]
  collapse library dir [/usr/local/oecore-x86_64/sysroots/x86_64-angstromsdk-linux/usr/lib/arm-angstrom-linux-gnueabi/gcc/arm-angstrom-linux-gnueabi/7.3.0] ==> [/usr/local/oecore-x86_64/sysroots/x86_64-angstromsdk-linux/usr/lib/arm-angstrom-linux-gnueabi/gcc/arm-angstrom-linux-gnueabi/7.3.0]
  collapse library dir [/usr/local/oecore-x86_64/sysroots/armv7at2hf-neon-angstrom-linux-gnueabi/lib] ==> [/usr/local/oecore-x86_64/sysroots/armv7at2hf-neon-angstrom-linux-gnueabi/lib]
  collapse library dir [/usr/local/oecore-x86_64/sysroots/armv7at2hf-neon-angstrom-linux-gnueabi/usr/lib/arm-angstrom-linux-gnueabi/7.3.0] ==> [/usr/local/oecore-x86_64/sysroots/armv7at2hf-neon-angstrom-linux-gnueabi/usr/lib/arm-angstrom-linux-gnueabi/7.3.0]
  collapse library dir [/usr/local/oecore-x86_64/sysroots/armv7at2hf-neon-angstrom-linux-gnueabi/usr/lib] ==> [/usr/local/oecore-x86_64/sysroots/armv7at2hf-neon-angstrom-linux-gnueabi/usr/lib]
  implicit libs: [stdc++;m;c]
  implicit dirs: [/usr/local/oecore-x86_64/sysroots/x86_64-angstromsdk-linux/usr/lib/arm-angstrom-linux-gnueabi/gcc/arm-angstrom-linux-gnueabi/7.3.0;/usr/local/oecore-x86_64/sysroots/armv7at2hf-neon-angstrom-linux-gnueabi/lib;/usr/local/oecore-x86_64/sysroots/armv7at2hf-neon-angstrom-linux-gnueabi/usr/lib/arm-angstrom-linux-gnueabi/7.3.0;/usr/local/oecore-x86_64/sysroots/armv7at2hf-neon-angstrom-linux-gnueabi/usr/lib]
  implicit fwks: []




Detecting CXX [-std=c++1z] compiler features compiled with the following output:
Change Dir: /home/diego/dev/projects/A71CH/axHostSw/hostLib/build/CMakeFiles/CMakeTmp

Run Build Command:"/usr/bin/gmake" "cmTC_a427e/fast"
/usr/bin/gmake -f CMakeFiles/cmTC_a427e.dir/build.make CMakeFiles/cmTC_a427e.dir/build
gmake[1]: Entering directory '/home/diego/dev/projects/A71CH/axHostSw/hostLib/build/CMakeFiles/CMakeTmp'
Building CXX object CMakeFiles/cmTC_a427e.dir/feature_tests.cxx.o
/usr/local/oecore-x86_64/sysroots/x86_64-angstromsdk-linux/usr/bin/arm-angstrom-linux-gnueabi/arm-angstrom-linux-gnueabi-g++   -march=armv7-a -mthumb -mfpu=neon -mfloat-abi=hard --sysroot=/usr/local/oecore-x86_64/sysroots/armv7at2hf-neon-angstrom-linux-gnueabi    -O2 -pipe -g -feliminate-unused-debug-types     -std=c++1z -o CMakeFiles/cmTC_a427e.dir/feature_tests.cxx.o -c /home/diego/dev/projects/A71CH/axHostSw/hostLib/build/CMakeFiles/feature_tests.cxx
Linking CXX executable cmTC_a427e
/usr/local/oecore-x86_64/sysroots/x86_64-angstromsdk-linux/usr/bin/cmake -E cmake_link_script CMakeFiles/cmTC_a427e.dir/link.txt --verbose=1
/usr/local/oecore-x86_64/sysroots/x86_64-angstromsdk-linux/usr/bin/arm-angstrom-linux-gnueabi/arm-angstrom-linux-gnueabi-g++   -march=armv7-a -mthumb -mfpu=neon -mfloat-abi=hard --sysroot=/usr/local/oecore-x86_64/sysroots/armv7at2hf-neon-angstrom-linux-gnueabi   -O2 -pipe -g -feliminate-unused-debug-types    -Wl,-O1 -Wl,--hash-style=gnu -Wl,--as-needed  CMakeFiles/cmTC_a427e.dir/feature_tests.cxx.o  -o cmTC_a427e 
gmake[1]: Leaving directory '/home/diego/dev/projects/A71CH/axHostSw/hostLib/build/CMakeFiles/CMakeTmp'


    Feature record: CXX_FEATURE:1cxx_aggregate_default_initializers
    Feature record: CXX_FEATURE:1cxx_alias_templates
    Feature record: CXX_FEATURE:1cxx_alignas
    Feature record: CXX_FEATURE:1cxx_alignof
    Feature record: CXX_FEATURE:1cxx_attributes
    Feature record: CXX_FEATURE:1cxx_attribute_deprecated
    Feature record: CXX_FEATURE:1cxx_auto_type
    Feature record: CXX_FEATURE:1cxx_binary_literals
    Feature record: CXX_FEATURE:1cxx_constexpr
    Feature record: CXX_FEATURE:1cxx_contextual_conversions
    Feature record: CXX_FEATURE:1cxx_decltype
    Feature record: CXX_FEATURE:1cxx_decltype_auto
    Feature record: CXX_FEATURE:1cxx_decltype_incomplete_return_types
    Feature record: CXX_FEATURE:1cxx_default_function_template_args
    Feature record: CXX_FEATURE:1cxx_defaulted_functions
    Feature record: CXX_FEATURE:1cxx_defaulted_move_initializers
    Feature record: CXX_FEATURE:1cxx_delegating_constructors
    Feature record: CXX_FEATURE:1cxx_deleted_functions
    Feature record: CXX_FEATURE:1cxx_digit_separators
    Feature record: CXX_FEATURE:1cxx_enum_forward_declarations
    Feature record: CXX_FEATURE:1cxx_explicit_conversions
    Feature record: CXX_FEATURE:1cxx_extended_friend_declarations
    Feature record: CXX_FEATURE:1cxx_extern_templates
    Feature record: CXX_FEATURE:1cxx_final
    Feature record: CXX_FEATURE:1cxx_func_identifier
    Feature record: CXX_FEATURE:1cxx_generalized_initializers
    Feature record: CXX_FEATURE:1cxx_generic_lambdas
    Feature record: CXX_FEATURE:1cxx_inheriting_constructors
    Feature record: CXX_FEATURE:1cxx_inline_namespaces
    Feature record: CXX_FEATURE:1cxx_lambdas
    Feature record: CXX_FEATURE:1cxx_lambda_init_captures
    Feature record: CXX_FEATURE:1cxx_local_type_template_args
    Feature record: CXX_FEATURE:1cxx_long_long_type
    Feature record: CXX_FEATURE:1cxx_noexcept
    Feature record: CXX_FEATURE:1cxx_nonstatic_member_init
    Feature record: CXX_FEATURE:1cxx_nullptr
    Feature record: CXX_FEATURE:1cxx_override
    Feature record: CXX_FEATURE:1cxx_range_for
    Feature record: CXX_FEATURE:1cxx_raw_string_literals
    Feature record: CXX_FEATURE:1cxx_reference_qualified_functions
    Feature record: CXX_FEATURE:1cxx_relaxed_constexpr
    Feature record: CXX_FEATURE:1cxx_return_type_deduction
    Feature record: CXX_FEATURE:1cxx_right_angle_brackets
    Feature record: CXX_FEATURE:1cxx_rvalue_references
    Feature record: CXX_FEATURE:1cxx_sizeof_member
    Feature record: CXX_FEATURE:1cxx_static_assert
    Feature record: CXX_FEATURE:1cxx_strong_enums
    Feature record: CXX_FEATURE:1cxx_template_template_parameters
    Feature record: CXX_FEATURE:1cxx_thread_local
    Feature record: CXX_FEATURE:1cxx_trailing_return_types
    Feature record: CXX_FEATURE:1cxx_unicode_literals
    Feature record: CXX_FEATURE:1cxx_uniform_initialization
    Feature record: CXX_FEATURE:1cxx_unrestricted_unions
    Feature record: CXX_FEATURE:1cxx_user_literals
    Feature record: CXX_FEATURE:1cxx_variable_templates
    Feature record: CXX_FEATURE:1cxx_variadic_macros
    Feature record: CXX_FEATURE:1cxx_variadic_templates


Detecting CXX [-std=c++14] compiler features compiled with the following output:
Change Dir: /home/diego/dev/projects/A71CH/axHostSw/hostLib/build/CMakeFiles/CMakeTmp

Run Build Command:"/usr/bin/gmake" "cmTC_c13b8/fast"
/usr/bin/gmake -f CMakeFiles/cmTC_c13b8.dir/build.make CMakeFiles/cmTC_c13b8.dir/build
gmake[1]: Entering directory '/home/diego/dev/projects/A71CH/axHostSw/hostLib/build/CMakeFiles/CMakeTmp'
Building CXX object CMakeFiles/cmTC_c13b8.dir/feature_tests.cxx.o
/usr/local/oecore-x86_64/sysroots/x86_64-angstromsdk-linux/usr/bin/arm-angstrom-linux-gnueabi/arm-angstrom-linux-gnueabi-g++   -march=armv7-a -mthumb -mfpu=neon -mfloat-abi=hard --sysroot=/usr/local/oecore-x86_64/sysroots/armv7at2hf-neon-angstrom-linux-gnueabi    -O2 -pipe -g -feliminate-unused-debug-types     -std=c++14 -o CMakeFiles/cmTC_c13b8.dir/feature_tests.cxx.o -c /home/diego/dev/projects/A71CH/axHostSw/hostLib/build/CMakeFiles/feature_tests.cxx
Linking CXX executable cmTC_c13b8
/usr/local/oecore-x86_64/sysroots/x86_64-angstromsdk-linux/usr/bin/cmake -E cmake_link_script CMakeFiles/cmTC_c13b8.dir/link.txt --verbose=1
/usr/local/oecore-x86_64/sysroots/x86_64-angstromsdk-linux/usr/bin/arm-angstrom-linux-gnueabi/arm-angstrom-linux-gnueabi-g++   -march=armv7-a -mthumb -mfpu=neon -mfloat-abi=hard --sysroot=/usr/local/oecore-x86_64/sysroots/armv7at2hf-neon-angstrom-linux-gnueabi   -O2 -pipe -g -feliminate-unused-debug-types    -Wl,-O1 -Wl,--hash-style=gnu -Wl,--as-needed  CMakeFiles/cmTC_c13b8.dir/feature_tests.cxx.o  -o cmTC_c13b8 
gmake[1]: Leaving directory '/home/diego/dev/projects/A71CH/axHostSw/hostLib/build/CMakeFiles/CMakeTmp'


    Feature record: CXX_FEATURE:1cxx_aggregate_default_initializers
    Feature record: CXX_FEATURE:1cxx_alias_templates
    Feature record: CXX_FEATURE:1cxx_alignas
    Feature record: CXX_FEATURE:1cxx_alignof
    Feature record: CXX_FEATURE:1cxx_attributes
    Feature record: CXX_FEATURE:1cxx_attribute_deprecated
    Feature record: CXX_FEATURE:1cxx_auto_type
    Feature record: CXX_FEATURE:1cxx_binary_literals
    Feature record: CXX_FEATURE:1cxx_constexpr
    Feature record: CXX_FEATURE:1cxx_contextual_conversions
    Feature record: CXX_FEATURE:1cxx_decltype
    Feature record: CXX_FEATURE:1cxx_decltype_auto
    Feature record: CXX_FEATURE:1cxx_decltype_incomplete_return_types
    Feature record: CXX_FEATURE:1cxx_default_function_template_args
    Feature record: CXX_FEATURE:1cxx_defaulted_functions
    Feature record: CXX_FEATURE:1cxx_defaulted_move_initializers
    Feature record: CXX_FEATURE:1cxx_delegating_constructors
    Feature record: CXX_FEATURE:1cxx_deleted_functions
    Feature record: CXX_FEATURE:1cxx_digit_separators
    Feature record: CXX_FEATURE:1cxx_enum_forward_declarations
    Feature record: CXX_FEATURE:1cxx_explicit_conversions
    Feature record: CXX_FEATURE:1cxx_extended_friend_declarations
    Feature record: CXX_FEATURE:1cxx_extern_templates
    Feature record: CXX_FEATURE:1cxx_final
    Feature record: CXX_FEATURE:1cxx_func_identifier
    Feature record: CXX_FEATURE:1cxx_generalized_initializers
    Feature record: CXX_FEATURE:1cxx_generic_lambdas
    Feature record: CXX_FEATURE:1cxx_inheriting_constructors
    Feature record: CXX_FEATURE:1cxx_inline_namespaces
    Feature record: CXX_FEATURE:1cxx_lambdas
    Feature record: CXX_FEATURE:1cxx_lambda_init_captures
    Feature record: CXX_FEATURE:1cxx_local_type_template_args
    Feature record: CXX_FEATURE:1cxx_long_long_type
    Feature record: CXX_FEATURE:1cxx_noexcept
    Feature record: CXX_FEATURE:1cxx_nonstatic_member_init
    Feature record: CXX_FEATURE:1cxx_nullptr
    Feature record: CXX_FEATURE:1cxx_override
    Feature record: CXX_FEATURE:1cxx_range_for
    Feature record: CXX_FEATURE:1cxx_raw_string_literals
    Feature record: CXX_FEATURE:1cxx_reference_qualified_functions
    Feature record: CXX_FEATURE:1cxx_relaxed_constexpr
    Feature record: CXX_FEATURE:1cxx_return_type_deduction
    Feature record: CXX_FEATURE:1cxx_right_angle_brackets
    Feature record: CXX_FEATURE:1cxx_rvalue_references
    Feature record: CXX_FEATURE:1cxx_sizeof_member
    Feature record: CXX_FEATURE:1cxx_static_assert
    Feature record: CXX_FEATURE:1cxx_strong_enums
    Feature record: CXX_FEATURE:1cxx_template_template_parameters
    Feature record: CXX_FEATURE:1cxx_thread_local
    Feature record: CXX_FEATURE:1cxx_trailing_return_types
    Feature record: CXX_FEATURE:1cxx_unicode_literals
    Feature record: CXX_FEATURE:1cxx_uniform_initialization
    Feature record: CXX_FEATURE:1cxx_unrestricted_unions
    Feature record: CXX_FEATURE:1cxx_user_literals
    Feature record: CXX_FEATURE:1cxx_variable_templates
    Feature record: CXX_FEATURE:1cxx_variadic_macros
    Feature record: CXX_FEATURE:1cxx_variadic_templates


Detecting CXX [-std=c++11] compiler features compiled with the following output:
Change Dir: /home/diego/dev/projects/A71CH/axHostSw/hostLib/build/CMakeFiles/CMakeTmp

Run Build Command:"/usr/bin/gmake" "cmTC_814df/fast"
/usr/bin/gmake -f CMakeFiles/cmTC_814df.dir/build.make CMakeFiles/cmTC_814df.dir/build
gmake[1]: Entering directory '/home/diego/dev/projects/A71CH/axHostSw/hostLib/build/CMakeFiles/CMakeTmp'
Building CXX object CMakeFiles/cmTC_814df.dir/feature_tests.cxx.o
/usr/local/oecore-x86_64/sysroots/x86_64-angstromsdk-linux/usr/bin/arm-angstrom-linux-gnueabi/arm-angstrom-linux-gnueabi-g++   -march=armv7-a -mthumb -mfpu=neon -mfloat-abi=hard --sysroot=/usr/local/oecore-x86_64/sysroots/armv7at2hf-neon-angstrom-linux-gnueabi    -O2 -pipe -g -feliminate-unused-debug-types     -std=c++11 -o CMakeFiles/cmTC_814df.dir/feature_tests.cxx.o -c /home/diego/dev/projects/A71CH/axHostSw/hostLib/build/CMakeFiles/feature_tests.cxx
Linking CXX executable cmTC_814df
/usr/local/oecore-x86_64/sysroots/x86_64-angstromsdk-linux/usr/bin/cmake -E cmake_link_script CMakeFiles/cmTC_814df.dir/link.txt --verbose=1
/usr/local/oecore-x86_64/sysroots/x86_64-angstromsdk-linux/usr/bin/arm-angstrom-linux-gnueabi/arm-angstrom-linux-gnueabi-g++   -march=armv7-a -mthumb -mfpu=neon -mfloat-abi=hard --sysroot=/usr/local/oecore-x86_64/sysroots/armv7at2hf-neon-angstrom-linux-gnueabi   -O2 -pipe -g -feliminate-unused-debug-types    -Wl,-O1 -Wl,--hash-style=gnu -Wl,--as-needed  CMakeFiles/cmTC_814df.dir/feature_tests.cxx.o  -o cmTC_814df 
gmake[1]: Leaving directory '/home/diego/dev/projects/A71CH/axHostSw/hostLib/build/CMakeFiles/CMakeTmp'


    Feature record: CXX_FEATURE:0cxx_aggregate_default_initializers
    Feature record: CXX_FEATURE:1cxx_alias_templates
    Feature record: CXX_FEATURE:1cxx_alignas
    Feature record: CXX_FEATURE:1cxx_alignof
    Feature record: CXX_FEATURE:1cxx_attributes
    Feature record: CXX_FEATURE:0cxx_attribute_deprecated
    Feature record: CXX_FEATURE:1cxx_auto_type
    Feature record: CXX_FEATURE:0cxx_binary_literals
    Feature record: CXX_FEATURE:1cxx_constexpr
    Feature record: CXX_FEATURE:0cxx_contextual_conversions
    Feature record: CXX_FEATURE:1cxx_decltype
    Feature record: CXX_FEATURE:0cxx_decltype_auto
    Feature record: CXX_FEATURE:1cxx_decltype_incomplete_return_types
    Feature record: CXX_FEATURE:1cxx_default_function_template_args
    Feature record: CXX_FEATURE:1cxx_defaulted_functions
    Feature record: CXX_FEATURE:1cxx_defaulted_move_initializers
    Feature record: CXX_FEATURE:1cxx_delegating_constructors
    Feature record: CXX_FEATURE:1cxx_deleted_functions
    Feature record: CXX_FEATURE:0cxx_digit_separators
    Feature record: CXX_FEATURE:1cxx_enum_forward_declarations
    Feature record: CXX_FEATURE:1cxx_explicit_conversions
    Feature record: CXX_FEATURE:1cxx_extended_friend_declarations
    Feature record: CXX_FEATURE:1cxx_extern_templates
    Feature record: CXX_FEATURE:1cxx_final
    Feature record: CXX_FEATURE:1cxx_func_identifier
    Feature record: CXX_FEATURE:1cxx_generalized_initializers
    Feature record: CXX_FEATURE:0cxx_generic_lambdas
    Feature record: CXX_FEATURE:1cxx_inheriting_constructors
    Feature record: CXX_FEATURE:1cxx_inline_namespaces
    Feature record: CXX_FEATURE:1cxx_lambdas
    Feature record: CXX_FEATURE:0cxx_lambda_init_captures
    Feature record: CXX_FEATURE:1cxx_local_type_template_args
    Feature record: CXX_FEATURE:1cxx_long_long_type
    Feature record: CXX_FEATURE:1cxx_noexcept
    Feature record: CXX_FEATURE:1cxx_nonstatic_member_init
    Feature record: CXX_FEATURE:1cxx_nullptr
    Feature record: CXX_FEATURE:1cxx_override
    Feature record: CXX_FEATURE:1cxx_range_for
    Feature record: CXX_FEATURE:1cxx_raw_string_literals
    Feature record: CXX_FEATURE:1cxx_reference_qualified_functions
    Feature record: CXX_FEATURE:0cxx_relaxed_constexpr
    Feature record: CXX_FEATURE:0cxx_return_type_deduction
    Feature record: CXX_FEATURE:1cxx_right_angle_brackets
    Feature record: CXX_FEATURE:1cxx_rvalue_references
    Feature record: CXX_FEATURE:1cxx_sizeof_member
    Feature record: CXX_FEATURE:1cxx_static_assert
    Feature record: CXX_FEATURE:1cxx_strong_enums
    Feature record: CXX_FEATURE:1cxx_template_template_parameters
    Feature record: CXX_FEATURE:1cxx_thread_local
    Feature record: CXX_FEATURE:1cxx_trailing_return_types
    Feature record: CXX_FEATURE:1cxx_unicode_literals
    Feature record: CXX_FEATURE:1cxx_uniform_initialization
    Feature record: CXX_FEATURE:1cxx_unrestricted_unions
    Feature record: CXX_FEATURE:1cxx_user_literals
    Feature record: CXX_FEATURE:0cxx_variable_templates
    Feature record: CXX_FEATURE:1cxx_variadic_macros
    Feature record: CXX_FEATURE:1cxx_variadic_templates


Detecting CXX [-std=c++98] compiler features compiled with the following output:
Change Dir: /home/diego/dev/projects/A71CH/axHostSw/hostLib/build/CMakeFiles/CMakeTmp

Run Build Command:"/usr/bin/gmake" "cmTC_7df2e/fast"
/usr/bin/gmake -f CMakeFiles/cmTC_7df2e.dir/build.make CMakeFiles/cmTC_7df2e.dir/build
gmake[1]: Entering directory '/home/diego/dev/projects/A71CH/axHostSw/hostLib/build/CMakeFiles/CMakeTmp'
Building CXX object CMakeFiles/cmTC_7df2e.dir/feature_tests.cxx.o
/usr/local/oecore-x86_64/sysroots/x86_64-angstromsdk-linux/usr/bin/arm-angstrom-linux-gnueabi/arm-angstrom-linux-gnueabi-g++   -march=armv7-a -mthumb -mfpu=neon -mfloat-abi=hard --sysroot=/usr/local/oecore-x86_64/sysroots/armv7at2hf-neon-angstrom-linux-gnueabi    -O2 -pipe -g -feliminate-unused-debug-types     -std=c++98 -o CMakeFiles/cmTC_7df2e.dir/feature_tests.cxx.o -c /home/diego/dev/projects/A71CH/axHostSw/hostLib/build/CMakeFiles/feature_tests.cxx
Linking CXX executable cmTC_7df2e
/usr/local/oecore-x86_64/sysroots/x86_64-angstromsdk-linux/usr/bin/cmake -E cmake_link_script CMakeFiles/cmTC_7df2e.dir/link.txt --verbose=1
/usr/local/oecore-x86_64/sysroots/x86_64-angstromsdk-linux/usr/bin/arm-angstrom-linux-gnueabi/arm-angstrom-linux-gnueabi-g++   -march=armv7-a -mthumb -mfpu=neon -mfloat-abi=hard --sysroot=/usr/local/oecore-x86_64/sysroots/armv7at2hf-neon-angstrom-linux-gnueabi   -O2 -pipe -g -feliminate-unused-debug-types    -Wl,-O1 -Wl,--hash-style=gnu -Wl,--as-needed  CMakeFiles/cmTC_7df2e.dir/feature_tests.cxx.o  -o cmTC_7df2e 
gmake[1]: Leaving directory '/home/diego/dev/projects/A71CH/axHostSw/hostLib/build/CMakeFiles/CMakeTmp'


    Feature record: CXX_FEATURE:0cxx_aggregate_default_initializers
    Feature record: CXX_FEATURE:0cxx_alias_templates
    Feature record: CXX_FEATURE:0cxx_alignas
    Feature record: CXX_FEATURE:0cxx_alignof
    Feature record: CXX_FEATURE:0cxx_attributes
    Feature record: CXX_FEATURE:0cxx_attribute_deprecated
    Feature record: CXX_FEATURE:0cxx_auto_type
    Feature record: CXX_FEATURE:0cxx_binary_literals
    Feature record: CXX_FEATURE:0cxx_constexpr
    Feature record: CXX_FEATURE:0cxx_contextual_conversions
    Feature record: CXX_FEATURE:0cxx_decltype
    Feature record: CXX_FEATURE:0cxx_decltype_auto
    Feature record: CXX_FEATURE:0cxx_decltype_incomplete_return_types
    Feature record: CXX_FEATURE:0cxx_default_function_template_args
    Feature record: CXX_FEATURE:0cxx_defaulted_functions
    Feature record: CXX_FEATURE:0cxx_defaulted_move_initializers
    Feature record: CXX_FEATURE:0cxx_delegating_constructors
    Feature record: CXX_FEATURE:0cxx_deleted_functions
    Feature record: CXX_FEATURE:0cxx_digit_separators
    Feature record: CXX_FEATURE:0cxx_enum_forward_declarations
    Feature record: CXX_FEATURE:0cxx_explicit_conversions
    Feature record: CXX_FEATURE:0cxx_extended_friend_declarations
    Feature record: CXX_FEATURE:0cxx_extern_templates
    Feature record: CXX_FEATURE:0cxx_final
    Feature record: CXX_FEATURE:0cxx_func_identifier
    Feature record: CXX_FEATURE:0cxx_generalized_initializers
    Feature record: CXX_FEATURE:0cxx_generic_lambdas
    Feature record: CXX_FEATURE:0cxx_inheriting_constructors
    Feature record: CXX_FEATURE:0cxx_inline_namespaces
    Feature record: CXX_FEATURE:0cxx_lambdas
    Feature record: CXX_FEATURE:0cxx_lambda_init_captures
    Feature record: CXX_FEATURE:0cxx_local_type_template_args
    Feature record: CXX_FEATURE:0cxx_long_long_type
    Feature record: CXX_FEATURE:0cxx_noexcept
    Feature record: CXX_FEATURE:0cxx_nonstatic_member_init
    Feature record: CXX_FEATURE:0cxx_nullptr
    Feature record: CXX_FEATURE:0cxx_override
    Feature record: CXX_FEATURE:0cxx_range_for
    Feature record: CXX_FEATURE:0cxx_raw_string_literals
    Feature record: CXX_FEATURE:0cxx_reference_qualified_functions
    Feature record: CXX_FEATURE:0cxx_relaxed_constexpr
    Feature record: CXX_FEATURE:0cxx_return_type_deduction
    Feature record: CXX_FEATURE:0cxx_right_angle_brackets
    Feature record: CXX_FEATURE:0cxx_rvalue_references
    Feature record: CXX_FEATURE:0cxx_sizeof_member
    Feature record: CXX_FEATURE:0cxx_static_assert
    Feature record: CXX_FEATURE:0cxx_strong_enums
    Feature record: CXX_FEATURE:1cxx_template_template_parameters
    Feature record: CXX_FEATURE:0cxx_thread_local
    Feature record: CXX_FEATURE:0cxx_trailing_return_types
    Feature record: CXX_FEATURE:0cxx_unicode_literals
    Feature record: CXX_FEATURE:0cxx_uniform_initialization
    Feature record: CXX_FEATURE:0cxx_unrestricted_unions
    Feature record: CXX_FEATURE:0cxx_user_literals
    Feature record: CXX_FEATURE:0cxx_variable_templates
    Feature record: CXX_FEATURE:0cxx_variadic_macros
    Feature record: CXX_FEATURE:0cxx_variadic_templates
